2023-03-18 17:10:30.687  INFO 17160 --- [main] c.f.w.controller.BeginFungibleStory      : Starting BeginFungibleStory using Java 11.0.14 on LAPTOP-QSJVQ77N with PID 17160 (C:\Users\Vibin\IdeaProjects\fungiblestory\target\classes started by Vibin in C:\Users\Vibin\IdeaProjects\fungiblestory)
2023-03-18 17:10:30.702  INFO 17160 --- [main] c.f.w.controller.BeginFungibleStory      : No active profile set, falling back to 1 default profile: "default"
2023-03-18 17:10:31.720  INFO 17160 --- [main] .s.d.r.c.RepositoryConfigurationDelegate : Bootstrapping Spring Data JPA repositories in DEFAULT mode.
2023-03-18 17:10:31.783  INFO 17160 --- [main] .s.d.r.c.RepositoryConfigurationDelegate : Finished Spring Data repository scanning in 53 ms. Found 1 JPA repository interfaces.
2023-03-18 17:10:33.194  INFO 17160 --- [main] o.s.b.w.embedded.tomcat.TomcatWebServer  : Tomcat initialized with port(s): 9096 (http)
2023-03-18 17:10:33.206  INFO 17160 --- [main] o.apache.catalina.core.StandardService   : Starting service [Tomcat]
2023-03-18 17:10:33.207  INFO 17160 --- [main] org.apache.catalina.core.StandardEngine  : Starting Servlet engine: [Apache Tomcat/9.0.65]
2023-03-18 17:10:33.370  INFO 17160 --- [main] o.a.c.c.C.[Tomcat].[localhost].[/]       : Initializing Spring embedded WebApplicationContext
2023-03-18 17:10:33.371  INFO 17160 --- [main] w.s.c.ServletWebServerApplicationContext : Root WebApplicationContext: initialization completed in 2523 ms
2023-03-18 17:10:33.655  INFO 17160 --- [main] o.hibernate.jpa.internal.util.LogHelper  : HHH000204: Processing PersistenceUnitInfo [name: default]
2023-03-18 17:10:33.739  INFO 17160 --- [main] org.hibernate.Version                    : HHH000412: Hibernate ORM core version 5.6.10.Final
2023-03-18 17:10:33.976  INFO 17160 --- [main] o.hibernate.annotations.common.Version   : HCANN000001: Hibernate Commons Annotations {5.1.2.Final}
2023-03-18 17:10:34.099  INFO 17160 --- [main] com.zaxxer.hikari.HikariDataSource       : HikariPool-1 - Starting...
2023-03-18 17:10:34.362  INFO 17160 --- [main] com.zaxxer.hikari.HikariDataSource       : HikariPool-1 - Start completed.
2023-03-18 17:10:34.391  INFO 17160 --- [main] org.hibernate.dialect.Dialect            : HHH000400: Using dialect: org.hibernate.dialect.PostgreSQLDialect
2023-03-18 17:10:35.506  INFO 17160 --- [main] o.h.e.t.j.p.i.JtaPlatformInitiator       : HHH000490: Using JtaPlatform implementation: [org.hibernate.engine.transaction.jta.platform.internal.NoJtaPlatform]
2023-03-18 17:10:35.517  INFO 17160 --- [main] j.LocalContainerEntityManagerFactoryBean : Initialized JPA EntityManagerFactory for persistence unit 'default'
2023-03-18 17:10:36.220  WARN 17160 --- [main] JpaBaseConfiguration$JpaWebConfiguration : spring.jpa.open-in-view is enabled by default. Therefore, database queries may be performed during view rendering. Explicitly configure spring.jpa.open-in-view to disable this warning
2023-03-18 17:10:36.845  INFO 17160 --- [main] o.s.b.w.embedded.tomcat.TomcatWebServer  : Tomcat started on port(s): 9096 (http) with context path ''
2023-03-18 17:10:37.156  INFO 17160 --- [main] c.f.w.controller.BeginFungibleStory      : Started BeginFungibleStory in 7.242 seconds (JVM running for 8.006)
2023-03-18 17:11:00.708  INFO 17160 --- [http-nio-9096-exec-2] o.a.c.c.C.[Tomcat].[localhost].[/]       : Initializing Spring DispatcherServlet 'dispatcherServlet'
2023-03-18 17:11:00.711  INFO 17160 --- [http-nio-9096-exec-2] o.s.web.servlet.DispatcherServlet        : Initializing Servlet 'dispatcherServlet'
2023-03-18 17:11:00.713  INFO 17160 --- [http-nio-9096-exec-2] o.s.web.servlet.DispatcherServlet        : Completed initialization in 2 ms
2023-03-18 17:11:00.907  INFO 17160 --- [http-nio-9096-exec-2] c.f.writer.controller.UserController     : Inside addNewUser()
2023-03-18 17:11:00.984  INFO 17160 --- [http-nio-9096-exec-2] c.f.writer.serviceImpl.UserServiceImpl   : Inside UserServiceImpl add new user function User [UserId=null, FirstName=udayar, LastName=sambur, DisplayName=Vidhyuth, UserEmail=udayar@gmail.com, DateOfBirth=1991-09-11, Password=kujal, Gender=Female, PhoneNumber=994244090447, isDeleted=false, UpdatedAt=Fri Mar 17 13:27:15 IST 2023, CreatedAt=Fri Mar 17 13:27:15 IST 2023, country=Country [CountryId=1, Country=india, user=null], role=Role [RoleId=1, RoleName=contentcreator, user=null]]
2023-03-18 17:11:01.087 DEBUG 17160 --- [http-nio-9096-exec-2] org.hibernate.SQL                        : 
    insert 
    into
        users
        (created_at, date_of_birth, display_name, first_name, gender, last_name, password, phone_number, updated_at, user_email, country_id, is_deleted, role_id) 
    values
        (?, ?, ?, ?, ?, ?, ?, ?, ?, ?, ?, ?, ?)
2023-03-18 17:11:01.093 TRACE 17160 --- [http-nio-9096-exec-2] o.h.type.descriptor.sql.BasicBinder      : binding parameter [1] as [TIMESTAMP] - [Sat Mar 18 17:11:01 IST 2023]
2023-03-18 17:11:01.096 TRACE 17160 --- [http-nio-9096-exec-2] o.h.type.descriptor.sql.BasicBinder      : binding parameter [2] as [VARCHAR] - [1991-09-11]
2023-03-18 17:11:01.097 TRACE 17160 --- [http-nio-9096-exec-2] o.h.type.descriptor.sql.BasicBinder      : binding parameter [3] as [VARCHAR] - [Vidhyuth]
2023-03-18 17:11:01.098 TRACE 17160 --- [http-nio-9096-exec-2] o.h.type.descriptor.sql.BasicBinder      : binding parameter [4] as [VARCHAR] - [udayar]
2023-03-18 17:11:01.099 TRACE 17160 --- [http-nio-9096-exec-2] o.h.type.descriptor.sql.BasicBinder      : binding parameter [5] as [VARCHAR] - [Female]
2023-03-18 17:11:01.099 TRACE 17160 --- [http-nio-9096-exec-2] o.h.type.descriptor.sql.BasicBinder      : binding parameter [6] as [VARCHAR] - [sambur]
2023-03-18 17:11:01.099 TRACE 17160 --- [http-nio-9096-exec-2] o.h.type.descriptor.sql.BasicBinder      : binding parameter [7] as [VARCHAR] - [kujal]
2023-03-18 17:11:01.100 TRACE 17160 --- [http-nio-9096-exec-2] o.h.type.descriptor.sql.BasicBinder      : binding parameter [8] as [VARCHAR] - [994244090447]
2023-03-18 17:11:01.100 TRACE 17160 --- [http-nio-9096-exec-2] o.h.type.descriptor.sql.BasicBinder      : binding parameter [9] as [TIMESTAMP] - [Sat Mar 18 17:11:01 IST 2023]
2023-03-18 17:11:01.100 TRACE 17160 --- [http-nio-9096-exec-2] o.h.type.descriptor.sql.BasicBinder      : binding parameter [10] as [VARCHAR] - [udayar@gmail.com]
2023-03-18 17:11:01.102 TRACE 17160 --- [http-nio-9096-exec-2] o.h.type.descriptor.sql.BasicBinder      : binding parameter [11] as [BIGINT] - [1]
2023-03-18 17:11:01.106 TRACE 17160 --- [http-nio-9096-exec-2] o.h.type.descriptor.sql.BasicBinder      : binding parameter [12] as [BOOLEAN] - [false]
2023-03-18 17:11:01.107 TRACE 17160 --- [http-nio-9096-exec-2] o.h.type.descriptor.sql.BasicBinder      : binding parameter [13] as [BIGINT] - [1]
2023-03-18 17:12:15.482  INFO 17160 --- [http-nio-9096-exec-5] c.f.writer.controller.UserController     : Inside addNewUser()
2023-03-18 17:12:15.483  INFO 17160 --- [http-nio-9096-exec-5] c.f.writer.serviceImpl.UserServiceImpl   : Inside UserServiceImpl add new user function User [UserId=16, FirstName=udayar, LastName=sambur, DisplayName=Vidhyuth, UserEmail=udayar@gmail.com, DateOfBirth=1991-09-11, Password=kujal, Gender=Female, PhoneNumber=994244090447, isDeleted=false, UpdatedAt=Fri Mar 17 13:27:15 IST 2023, CreatedAt=Fri Mar 17 13:27:15 IST 2023, country=Country [CountryId=1, Country=india, user=null], role=Role [RoleId=1, RoleName=contentcreator, user=null]]
2023-03-18 17:12:15.512 DEBUG 17160 --- [http-nio-9096-exec-5] org.hibernate.SQL                        : 
    select
        user0_.user_id as user_id1_5_2_,
        user0_.created_at as created_2_5_2_,
        user0_.date_of_birth as date_of_3_5_2_,
        user0_.display_name as display_4_5_2_,
        user0_.first_name as first_na5_5_2_,
        user0_.gender as gender6_5_2_,
        user0_.last_name as last_nam7_5_2_,
        user0_.password as password8_5_2_,
        user0_.phone_number as phone_nu9_5_2_,
        user0_.updated_at as updated10_5_2_,
        user0_.user_email as user_em11_5_2_,
        user0_.country_id as country13_5_2_,
        user0_.is_deleted as is_dele12_5_2_,
        user0_.role_id as role_id14_5_2_,
        country1_.country_id as country_1_0_0_,
        country1_.country as country2_0_0_,
        role2_.role_id as role_id1_2_1_,
        role2_.role_name as role_nam2_2_1_ 
    from
        users user0_ 
    left outer join
        country country1_ 
            on user0_.country_id=country1_.country_id 
    left outer join
        role role2_ 
            on user0_.role_id=role2_.role_id 
    where
        user0_.user_id=?
2023-03-18 17:12:15.513 TRACE 17160 --- [http-nio-9096-exec-5] o.h.type.descriptor.sql.BasicBinder      : binding parameter [1] as [BIGINT] - [16]
2023-03-18 17:12:15.529 DEBUG 17160 --- [http-nio-9096-exec-5] org.hibernate.SQL                        : 
    select
        user0_.user_id as user_id1_5_0_,
        user0_.created_at as created_2_5_0_,
        user0_.date_of_birth as date_of_3_5_0_,
        user0_.display_name as display_4_5_0_,
        user0_.first_name as first_na5_5_0_,
        user0_.gender as gender6_5_0_,
        user0_.last_name as last_nam7_5_0_,
        user0_.password as password8_5_0_,
        user0_.phone_number as phone_nu9_5_0_,
        user0_.updated_at as updated10_5_0_,
        user0_.user_email as user_em11_5_0_,
        user0_.country_id as country13_5_0_,
        user0_.is_deleted as is_dele12_5_0_,
        user0_.role_id as role_id14_5_0_ 
    from
        users user0_ 
    where
        user0_.country_id=?
2023-03-18 17:12:15.531 TRACE 17160 --- [http-nio-9096-exec-5] o.h.type.descriptor.sql.BasicBinder      : binding parameter [1] as [BIGINT] - [1]
2023-03-18 17:12:15.534 DEBUG 17160 --- [http-nio-9096-exec-5] org.hibernate.SQL                        : 
    select
        jobs0_.job_id as job_id1_1_0_,
        jobs0_.created_at as created_2_1_0_,
        jobs0_.job_description as job_desc3_1_0_,
        jobs0_.job_title as job_titl4_1_0_,
        jobs0_.updated_at as updated_5_1_0_,
        jobs0_.user_id as user_id6_1_0_ 
    from
        jobs jobs0_ 
    where
        jobs0_.user_id=?
2023-03-18 17:12:15.534 TRACE 17160 --- [http-nio-9096-exec-5] o.h.type.descriptor.sql.BasicBinder      : binding parameter [1] as [BIGINT] - [3]
2023-03-18 17:12:15.554  INFO 17160 --- [http-nio-9096-exec-5] o.h.e.internal.DefaultLoadEventListener  : HHH000327: Error performing load command

org.hibernate.HibernateException: More than one row with the given identifier was found: 1, for class: com.fungiblestory.writer.model.User
	at org.hibernate.loader.entity.AbstractEntityLoader.load(AbstractEntityLoader.java:104) ~[hibernate-core-5.6.10.Final.jar:5.6.10.Final]
	at org.hibernate.loader.entity.AbstractEntityLoader.load(AbstractEntityLoader.java:66) ~[hibernate-core-5.6.10.Final.jar:5.6.10.Final]
	at org.hibernate.persister.entity.AbstractEntityPersister.loadByUniqueKey(AbstractEntityPersister.java:2486) ~[hibernate-core-5.6.10.Final.jar:5.6.10.Final]
	at org.hibernate.type.EntityType.loadByUniqueKey(EntityType.java:763) ~[hibernate-core-5.6.10.Final.jar:5.6.10.Final]
	at org.hibernate.type.EntityType.resolve(EntityType.java:468) ~[hibernate-core-5.6.10.Final.jar:5.6.10.Final]
	at org.hibernate.engine.internal.TwoPhaseLoad$EntityResolver.lambda$static$0(TwoPhaseLoad.java:576) ~[hibernate-core-5.6.10.Final.jar:5.6.10.Final]
	at org.hibernate.engine.internal.TwoPhaseLoad.initializeEntityEntryLoadedState(TwoPhaseLoad.java:221) ~[hibernate-core-5.6.10.Final.jar:5.6.10.Final]
	at org.hibernate.engine.internal.TwoPhaseLoad.initializeEntity(TwoPhaseLoad.java:155) ~[hibernate-core-5.6.10.Final.jar:5.6.10.Final]
	at org.hibernate.engine.internal.TwoPhaseLoad.initializeEntity(TwoPhaseLoad.java:126) ~[hibernate-core-5.6.10.Final.jar:5.6.10.Final]
	at org.hibernate.loader.Loader.initializeEntitiesAndCollections(Loader.java:1201) ~[hibernate-core-5.6.10.Final.jar:5.6.10.Final]
	at org.hibernate.loader.Loader.processResultSet(Loader.java:1009) ~[hibernate-core-5.6.10.Final.jar:5.6.10.Final]
	at org.hibernate.loader.Loader.doQuery(Loader.java:967) ~[hibernate-core-5.6.10.Final.jar:5.6.10.Final]
	at org.hibernate.loader.Loader.doQueryAndInitializeNonLazyCollections(Loader.java:357) ~[hibernate-core-5.6.10.Final.jar:5.6.10.Final]
	at org.hibernate.loader.Loader.doQueryAndInitializeNonLazyCollections(Loader.java:327) ~[hibernate-core-5.6.10.Final.jar:5.6.10.Final]
	at org.hibernate.loader.Loader.loadEntity(Loader.java:2440) ~[hibernate-core-5.6.10.Final.jar:5.6.10.Final]
	at org.hibernate.loader.entity.AbstractEntityLoader.load(AbstractEntityLoader.java:77) ~[hibernate-core-5.6.10.Final.jar:5.6.10.Final]
	at org.hibernate.loader.entity.AbstractEntityLoader.load(AbstractEntityLoader.java:61) ~[hibernate-core-5.6.10.Final.jar:5.6.10.Final]
	at org.hibernate.persister.entity.AbstractEntityPersister.doLoad(AbstractEntityPersister.java:4521) ~[hibernate-core-5.6.10.Final.jar:5.6.10.Final]
	at org.hibernate.persister.entity.AbstractEntityPersister.load(AbstractEntityPersister.java:4511) ~[hibernate-core-5.6.10.Final.jar:5.6.10.Final]
	at org.hibernate.event.internal.DefaultLoadEventListener.loadFromDatasource(DefaultLoadEventListener.java:571) ~[hibernate-core-5.6.10.Final.jar:5.6.10.Final]
	at org.hibernate.event.internal.DefaultLoadEventListener.doLoad(DefaultLoadEventListener.java:539) ~[hibernate-core-5.6.10.Final.jar:5.6.10.Final]
	at org.hibernate.event.internal.DefaultLoadEventListener.load(DefaultLoadEventListener.java:208) ~[hibernate-core-5.6.10.Final.jar:5.6.10.Final]
	at org.hibernate.event.internal.DefaultLoadEventListener.proxyOrLoad(DefaultLoadEventListener.java:327) ~[hibernate-core-5.6.10.Final.jar:5.6.10.Final]
	at org.hibernate.event.internal.DefaultLoadEventListener.doOnLoad(DefaultLoadEventListener.java:108) ~[hibernate-core-5.6.10.Final.jar:5.6.10.Final]
	at org.hibernate.event.internal.DefaultLoadEventListener.onLoad(DefaultLoadEventListener.java:74) ~[hibernate-core-5.6.10.Final.jar:5.6.10.Final]
	at org.hibernate.event.service.internal.EventListenerGroupImpl.fireEventOnEachListener(EventListenerGroupImpl.java:118) ~[hibernate-core-5.6.10.Final.jar:5.6.10.Final]
	at org.hibernate.internal.SessionImpl.fireLoadNoChecks(SessionImpl.java:1231) ~[hibernate-core-5.6.10.Final.jar:5.6.10.Final]
	at org.hibernate.internal.SessionImpl.fireLoad(SessionImpl.java:1220) ~[hibernate-core-5.6.10.Final.jar:5.6.10.Final]
	at org.hibernate.internal.SessionImpl.access$2100(SessionImpl.java:202) ~[hibernate-core-5.6.10.Final.jar:5.6.10.Final]
	at org.hibernate.internal.SessionImpl$IdentifierLoadAccessImpl.doLoad(SessionImpl.java:2835) ~[hibernate-core-5.6.10.Final.jar:5.6.10.Final]
	at org.hibernate.internal.SessionImpl$IdentifierLoadAccessImpl.lambda$load$1(SessionImpl.java:2812) ~[hibernate-core-5.6.10.Final.jar:5.6.10.Final]
	at org.hibernate.internal.SessionImpl$IdentifierLoadAccessImpl.perform(SessionImpl.java:2768) ~[hibernate-core-5.6.10.Final.jar:5.6.10.Final]
	at org.hibernate.internal.SessionImpl$IdentifierLoadAccessImpl.load(SessionImpl.java:2812) ~[hibernate-core-5.6.10.Final.jar:5.6.10.Final]
	at org.hibernate.internal.SessionImpl.get(SessionImpl.java:1024) ~[hibernate-core-5.6.10.Final.jar:5.6.10.Final]
	at org.hibernate.event.internal.DefaultMergeEventListener.entityIsDetached(DefaultMergeEventListener.java:306) ~[hibernate-core-5.6.10.Final.jar:5.6.10.Final]
	at org.hibernate.event.internal.DefaultMergeEventListener.onMerge(DefaultMergeEventListener.java:172) ~[hibernate-core-5.6.10.Final.jar:5.6.10.Final]
	at org.hibernate.event.internal.DefaultMergeEventListener.onMerge(DefaultMergeEventListener.java:70) ~[hibernate-core-5.6.10.Final.jar:5.6.10.Final]
	at org.hibernate.event.service.internal.EventListenerGroupImpl.fireEventOnEachListener(EventListenerGroupImpl.java:107) ~[hibernate-core-5.6.10.Final.jar:5.6.10.Final]
	at org.hibernate.internal.SessionImpl.fireMerge(SessionImpl.java:829) ~[hibernate-core-5.6.10.Final.jar:5.6.10.Final]
	at org.hibernate.internal.SessionImpl.merge(SessionImpl.java:816) ~[hibernate-core-5.6.10.Final.jar:5.6.10.Final]
	at java.base/jdk.internal.reflect.NativeMethodAccessorImpl.invoke0(Native Method) ~[na:na]
	at java.base/jdk.internal.reflect.NativeMethodAccessorImpl.invoke(NativeMethodAccessorImpl.java:62) ~[na:na]
	at java.base/jdk.internal.reflect.DelegatingMethodAccessorImpl.invoke(DelegatingMethodAccessorImpl.java:43) ~[na:na]
	at java.base/java.lang.reflect.Method.invoke(Method.java:566) ~[na:na]
	at org.springframework.orm.jpa.ExtendedEntityManagerCreator$ExtendedEntityManagerInvocationHandler.invoke(ExtendedEntityManagerCreator.java:362) ~[spring-orm-5.3.22.jar:5.3.22]
	at com.sun.proxy.$Proxy104.merge(Unknown Source) ~[na:na]
	at java.base/jdk.internal.reflect.NativeMethodAccessorImpl.invoke0(Native Method) ~[na:na]
	at java.base/jdk.internal.reflect.NativeMethodAccessorImpl.invoke(NativeMethodAccessorImpl.java:62) ~[na:na]
	at java.base/jdk.internal.reflect.DelegatingMethodAccessorImpl.invoke(DelegatingMethodAccessorImpl.java:43) ~[na:na]
	at java.base/java.lang.reflect.Method.invoke(Method.java:566) ~[na:na]
	at org.springframework.orm.jpa.SharedEntityManagerCreator$SharedEntityManagerInvocationHandler.invoke(SharedEntityManagerCreator.java:311) ~[spring-orm-5.3.22.jar:5.3.22]
	at com.sun.proxy.$Proxy104.merge(Unknown Source) ~[na:na]
	at org.springframework.data.jpa.repository.support.SimpleJpaRepository.save(SimpleJpaRepository.java:669) ~[spring-data-jpa-2.7.2.jar:2.7.2]
	at java.base/jdk.internal.reflect.NativeMethodAccessorImpl.invoke0(Native Method) ~[na:na]
	at java.base/jdk.internal.reflect.NativeMethodAccessorImpl.invoke(NativeMethodAccessorImpl.java:62) ~[na:na]
	at java.base/jdk.internal.reflect.DelegatingMethodAccessorImpl.invoke(DelegatingMethodAccessorImpl.java:43) ~[na:na]
	at java.base/java.lang.reflect.Method.invoke(Method.java:566) ~[na:na]
	at org.springframework.data.repository.core.support.RepositoryMethodInvoker$RepositoryFragmentMethodInvoker.lambda$new$0(RepositoryMethodInvoker.java:289) ~[spring-data-commons-2.7.2.jar:2.7.2]
	at org.springframework.data.repository.core.support.RepositoryMethodInvoker.doInvoke(RepositoryMethodInvoker.java:137) ~[spring-data-commons-2.7.2.jar:2.7.2]
	at org.springframework.data.repository.core.support.RepositoryMethodInvoker.invoke(RepositoryMethodInvoker.java:121) ~[spring-data-commons-2.7.2.jar:2.7.2]
	at org.springframework.data.repository.core.support.RepositoryComposition$RepositoryFragments.invoke(RepositoryComposition.java:530) ~[spring-data-commons-2.7.2.jar:2.7.2]
	at org.springframework.data.repository.core.support.RepositoryComposition.invoke(RepositoryComposition.java:286) ~[spring-data-commons-2.7.2.jar:2.7.2]
	at org.springframework.data.repository.core.support.RepositoryFactorySupport$ImplementationMethodExecutionInterceptor.invoke(RepositoryFactorySupport.java:640) ~[spring-data-commons-2.7.2.jar:2.7.2]
	at org.springframework.aop.framework.ReflectiveMethodInvocation.proceed(ReflectiveMethodInvocation.java:186) ~[spring-aop-5.3.22.jar:5.3.22]
	at org.springframework.data.repository.core.support.QueryExecutorMethodInterceptor.doInvoke(QueryExecutorMethodInterceptor.java:164) ~[spring-data-commons-2.7.2.jar:2.7.2]
	at org.springframework.data.repository.core.support.QueryExecutorMethodInterceptor.invoke(QueryExecutorMethodInterceptor.java:139) ~[spring-data-commons-2.7.2.jar:2.7.2]
	at org.springframework.aop.framework.ReflectiveMethodInvocation.proceed(ReflectiveMethodInvocation.java:186) ~[spring-aop-5.3.22.jar:5.3.22]
	at org.springframework.data.projection.DefaultMethodInvokingMethodInterceptor.invoke(DefaultMethodInvokingMethodInterceptor.java:81) ~[spring-data-commons-2.7.2.jar:2.7.2]
	at org.springframework.aop.framework.ReflectiveMethodInvocation.proceed(ReflectiveMethodInvocation.java:186) ~[spring-aop-5.3.22.jar:5.3.22]
	at org.springframework.transaction.interceptor.TransactionInterceptor$1.proceedWithInvocation(TransactionInterceptor.java:123) ~[spring-tx-5.3.22.jar:5.3.22]
	at org.springframework.transaction.interceptor.TransactionAspectSupport.invokeWithinTransaction(TransactionAspectSupport.java:388) ~[spring-tx-5.3.22.jar:5.3.22]
	at org.springframework.transaction.interceptor.TransactionInterceptor.invoke(TransactionInterceptor.java:119) ~[spring-tx-5.3.22.jar:5.3.22]
	at org.springframework.aop.framework.ReflectiveMethodInvocation.proceed(ReflectiveMethodInvocation.java:186) ~[spring-aop-5.3.22.jar:5.3.22]
	at org.springframework.dao.support.PersistenceExceptionTranslationInterceptor.invoke(PersistenceExceptionTranslationInterceptor.java:137) ~[spring-tx-5.3.22.jar:5.3.22]
	at org.springframework.aop.framework.ReflectiveMethodInvocation.proceed(ReflectiveMethodInvocation.java:186) ~[spring-aop-5.3.22.jar:5.3.22]
	at org.springframework.data.jpa.repository.support.CrudMethodMetadataPostProcessor$CrudMethodMetadataPopulatingMethodInterceptor.invoke(CrudMethodMetadataPostProcessor.java:174) ~[spring-data-jpa-2.7.2.jar:2.7.2]
	at org.springframework.aop.framework.ReflectiveMethodInvocation.proceed(ReflectiveMethodInvocation.java:186) ~[spring-aop-5.3.22.jar:5.3.22]
	at org.springframework.aop.interceptor.ExposeInvocationInterceptor.invoke(ExposeInvocationInterceptor.java:97) ~[spring-aop-5.3.22.jar:5.3.22]
	at org.springframework.aop.framework.ReflectiveMethodInvocation.proceed(ReflectiveMethodInvocation.java:186) ~[spring-aop-5.3.22.jar:5.3.22]
	at org.springframework.aop.framework.JdkDynamicAopProxy.invoke(JdkDynamicAopProxy.java:215) ~[spring-aop-5.3.22.jar:5.3.22]
	at com.sun.proxy.$Proxy107.save(Unknown Source) ~[na:na]
	at com.fungiblestory.writer.serviceImpl.UserServiceImpl.addNewUser(UserServiceImpl.java:30) ~[classes/:na]
	at com.fungiblestory.writer.controller.UserController.addNewUser(UserController.java:37) ~[classes/:na]
	at java.base/jdk.internal.reflect.NativeMethodAccessorImpl.invoke0(Native Method) ~[na:na]
	at java.base/jdk.internal.reflect.NativeMethodAccessorImpl.invoke(NativeMethodAccessorImpl.java:62) ~[na:na]
	at java.base/jdk.internal.reflect.DelegatingMethodAccessorImpl.invoke(DelegatingMethodAccessorImpl.java:43) ~[na:na]
	at java.base/java.lang.reflect.Method.invoke(Method.java:566) ~[na:na]
	at org.springframework.web.method.support.InvocableHandlerMethod.doInvoke(InvocableHandlerMethod.java:205) ~[spring-web-5.3.22.jar:5.3.22]
	at org.springframework.web.method.support.InvocableHandlerMethod.invokeForRequest(InvocableHandlerMethod.java:150) ~[spring-web-5.3.22.jar:5.3.22]
	at org.springframework.web.servlet.mvc.method.annotation.ServletInvocableHandlerMethod.invokeAndHandle(ServletInvocableHandlerMethod.java:117) ~[spring-webmvc-5.3.22.jar:5.3.22]
	at org.springframework.web.servlet.mvc.method.annotation.RequestMappingHandlerAdapter.invokeHandlerMethod(RequestMappingHandlerAdapter.java:895) ~[spring-webmvc-5.3.22.jar:5.3.22]
	at org.springframework.web.servlet.mvc.method.annotation.RequestMappingHandlerAdapter.handleInternal(RequestMappingHandlerAdapter.java:808) ~[spring-webmvc-5.3.22.jar:5.3.22]
	at org.springframework.web.servlet.mvc.method.AbstractHandlerMethodAdapter.handle(AbstractHandlerMethodAdapter.java:87) ~[spring-webmvc-5.3.22.jar:5.3.22]
	at org.springframework.web.servlet.DispatcherServlet.doDispatch(DispatcherServlet.java:1070) ~[spring-webmvc-5.3.22.jar:5.3.22]
	at org.springframework.web.servlet.DispatcherServlet.doService(DispatcherServlet.java:963) ~[spring-webmvc-5.3.22.jar:5.3.22]
	at org.springframework.web.servlet.FrameworkServlet.processRequest(FrameworkServlet.java:1006) ~[spring-webmvc-5.3.22.jar:5.3.22]
	at org.springframework.web.servlet.FrameworkServlet.doPost(FrameworkServlet.java:909) ~[spring-webmvc-5.3.22.jar:5.3.22]
	at javax.servlet.http.HttpServlet.service(HttpServlet.java:681) ~[tomcat-embed-core-9.0.65.jar:4.0.FR]
	at org.springframework.web.servlet.FrameworkServlet.service(FrameworkServlet.java:883) ~[spring-webmvc-5.3.22.jar:5.3.22]
	at javax.servlet.http.HttpServlet.service(HttpServlet.java:764) ~[tomcat-embed-core-9.0.65.jar:4.0.FR]
	at org.apache.catalina.core.ApplicationFilterChain.internalDoFilter(ApplicationFilterChain.java:227) ~[tomcat-embed-core-9.0.65.jar:9.0.65]
	at org.apache.catalina.core.ApplicationFilterChain.doFilter(ApplicationFilterChain.java:162) ~[tomcat-embed-core-9.0.65.jar:9.0.65]
	at org.apache.tomcat.websocket.server.WsFilter.doFilter(WsFilter.java:53) ~[tomcat-embed-websocket-9.0.65.jar:9.0.65]
	at org.apache.catalina.core.ApplicationFilterChain.internalDoFilter(ApplicationFilterChain.java:189) ~[tomcat-embed-core-9.0.65.jar:9.0.65]
	at org.apache.catalina.core.ApplicationFilterChain.doFilter(ApplicationFilterChain.java:162) ~[tomcat-embed-core-9.0.65.jar:9.0.65]
	at org.springframework.web.filter.RequestContextFilter.doFilterInternal(RequestContextFilter.java:100) ~[spring-web-5.3.22.jar:5.3.22]
	at org.springframework.web.filter.OncePerRequestFilter.doFilter(OncePerRequestFilter.java:117) ~[spring-web-5.3.22.jar:5.3.22]
	at org.apache.catalina.core.ApplicationFilterChain.internalDoFilter(ApplicationFilterChain.java:189) ~[tomcat-embed-core-9.0.65.jar:9.0.65]
	at org.apache.catalina.core.ApplicationFilterChain.doFilter(ApplicationFilterChain.java:162) ~[tomcat-embed-core-9.0.65.jar:9.0.65]
	at org.springframework.web.filter.FormContentFilter.doFilterInternal(FormContentFilter.java:93) ~[spring-web-5.3.22.jar:5.3.22]
	at org.springframework.web.filter.OncePerRequestFilter.doFilter(OncePerRequestFilter.java:117) ~[spring-web-5.3.22.jar:5.3.22]
	at org.apache.catalina.core.ApplicationFilterChain.internalDoFilter(ApplicationFilterChain.java:189) ~[tomcat-embed-core-9.0.65.jar:9.0.65]
	at org.apache.catalina.core.ApplicationFilterChain.doFilter(ApplicationFilterChain.java:162) ~[tomcat-embed-core-9.0.65.jar:9.0.65]
	at org.springframework.web.filter.CharacterEncodingFilter.doFilterInternal(CharacterEncodingFilter.java:201) ~[spring-web-5.3.22.jar:5.3.22]
	at org.springframework.web.filter.OncePerRequestFilter.doFilter(OncePerRequestFilter.java:117) ~[spring-web-5.3.22.jar:5.3.22]
	at org.apache.catalina.core.ApplicationFilterChain.internalDoFilter(ApplicationFilterChain.java:189) ~[tomcat-embed-core-9.0.65.jar:9.0.65]
	at org.apache.catalina.core.ApplicationFilterChain.doFilter(ApplicationFilterChain.java:162) ~[tomcat-embed-core-9.0.65.jar:9.0.65]
	at org.apache.catalina.core.StandardWrapperValve.invoke(StandardWrapperValve.java:197) ~[tomcat-embed-core-9.0.65.jar:9.0.65]
	at org.apache.catalina.core.StandardContextValve.invoke(StandardContextValve.java:97) ~[tomcat-embed-core-9.0.65.jar:9.0.65]
	at org.apache.catalina.authenticator.AuthenticatorBase.invoke(AuthenticatorBase.java:541) ~[tomcat-embed-core-9.0.65.jar:9.0.65]
	at org.apache.catalina.core.StandardHostValve.invoke(StandardHostValve.java:135) ~[tomcat-embed-core-9.0.65.jar:9.0.65]
	at org.apache.catalina.valves.ErrorReportValve.invoke(ErrorReportValve.java:92) ~[tomcat-embed-core-9.0.65.jar:9.0.65]
	at org.apache.catalina.core.StandardEngineValve.invoke(StandardEngineValve.java:78) ~[tomcat-embed-core-9.0.65.jar:9.0.65]
	at org.apache.catalina.connector.CoyoteAdapter.service(CoyoteAdapter.java:360) ~[tomcat-embed-core-9.0.65.jar:9.0.65]
	at org.apache.coyote.http11.Http11Processor.service(Http11Processor.java:399) ~[tomcat-embed-core-9.0.65.jar:9.0.65]
	at org.apache.coyote.AbstractProcessorLight.process(AbstractProcessorLight.java:65) ~[tomcat-embed-core-9.0.65.jar:9.0.65]
	at org.apache.coyote.AbstractProtocol$ConnectionHandler.process(AbstractProtocol.java:890) ~[tomcat-embed-core-9.0.65.jar:9.0.65]
	at org.apache.tomcat.util.net.NioEndpoint$SocketProcessor.doRun(NioEndpoint.java:1789) ~[tomcat-embed-core-9.0.65.jar:9.0.65]
	at org.apache.tomcat.util.net.SocketProcessorBase.run(SocketProcessorBase.java:49) ~[tomcat-embed-core-9.0.65.jar:9.0.65]
	at org.apache.tomcat.util.threads.ThreadPoolExecutor.runWorker(ThreadPoolExecutor.java:1191) ~[tomcat-embed-core-9.0.65.jar:9.0.65]
	at org.apache.tomcat.util.threads.ThreadPoolExecutor$Worker.run(ThreadPoolExecutor.java:659) ~[tomcat-embed-core-9.0.65.jar:9.0.65]
	at org.apache.tomcat.util.threads.TaskThread$WrappingRunnable.run(TaskThread.java:61) ~[tomcat-embed-core-9.0.65.jar:9.0.65]
	at java.base/java.lang.Thread.run(Thread.java:834) ~[na:na]

2023-03-18 17:12:15.570  INFO 17160 --- [http-nio-9096-exec-5] c.f.writer.serviceImpl.UserServiceImpl   : Error in adding new user - org.springframework.orm.jpa.JpaSystemException: More than one row with the given identifier was found: 1, for class: com.fungiblestory.writer.model.User; nested exception is org.hibernate.HibernateException: More than one row with the given identifier was found: 1, for class: com.fungiblestory.writer.model.User
2023-03-18 17:17:28.346  INFO 17160 --- [SpringApplicationShutdownHook] j.LocalContainerEntityManagerFactoryBean : Closing JPA EntityManagerFactory for persistence unit 'default'
2023-03-18 17:17:28.350  INFO 17160 --- [SpringApplicationShutdownHook] com.zaxxer.hikari.HikariDataSource       : HikariPool-1 - Shutdown initiated...
2023-03-18 17:17:28.362  INFO 17160 --- [SpringApplicationShutdownHook] com.zaxxer.hikari.HikariDataSource       : HikariPool-1 - Shutdown completed.
2023-03-18 17:24:06.608  INFO 19460 --- [main] c.f.w.controller.BeginFungibleStory      : Starting BeginFungibleStory using Java 11.0.14 on LAPTOP-QSJVQ77N with PID 19460 (C:\Users\Vibin\IdeaProjects\fungiblestory\target\classes started by Vibin in C:\Users\Vibin\IdeaProjects\fungiblestory)
2023-03-18 17:24:06.613  INFO 19460 --- [main] c.f.w.controller.BeginFungibleStory      : No active profile set, falling back to 1 default profile: "default"
2023-03-18 17:24:07.739  INFO 19460 --- [main] .s.d.r.c.RepositoryConfigurationDelegate : Bootstrapping Spring Data JPA repositories in DEFAULT mode.
2023-03-18 17:24:07.795  INFO 19460 --- [main] .s.d.r.c.RepositoryConfigurationDelegate : Finished Spring Data repository scanning in 45 ms. Found 1 JPA repository interfaces.
2023-03-18 17:24:09.003  INFO 19460 --- [main] o.s.b.w.embedded.tomcat.TomcatWebServer  : Tomcat initialized with port(s): 9096 (http)
2023-03-18 17:24:09.012  INFO 19460 --- [main] o.apache.catalina.core.StandardService   : Starting service [Tomcat]
2023-03-18 17:24:09.013  INFO 19460 --- [main] org.apache.catalina.core.StandardEngine  : Starting Servlet engine: [Apache Tomcat/9.0.65]
2023-03-18 17:24:09.192  INFO 19460 --- [main] o.a.c.c.C.[Tomcat].[localhost].[/]       : Initializing Spring embedded WebApplicationContext
2023-03-18 17:24:09.193  INFO 19460 --- [main] w.s.c.ServletWebServerApplicationContext : Root WebApplicationContext: initialization completed in 2450 ms
2023-03-18 17:24:09.494  INFO 19460 --- [main] o.hibernate.jpa.internal.util.LogHelper  : HHH000204: Processing PersistenceUnitInfo [name: default]
2023-03-18 17:24:09.557  INFO 19460 --- [main] org.hibernate.Version                    : HHH000412: Hibernate ORM core version 5.6.10.Final
2023-03-18 17:24:09.778  INFO 19460 --- [main] o.hibernate.annotations.common.Version   : HCANN000001: Hibernate Commons Annotations {5.1.2.Final}
2023-03-18 17:24:09.900  INFO 19460 --- [main] com.zaxxer.hikari.HikariDataSource       : HikariPool-1 - Starting...
2023-03-18 17:24:10.157  INFO 19460 --- [main] com.zaxxer.hikari.HikariDataSource       : HikariPool-1 - Start completed.
2023-03-18 17:24:10.180  INFO 19460 --- [main] org.hibernate.dialect.Dialect            : HHH000400: Using dialect: org.hibernate.dialect.PostgreSQLDialect
2023-03-18 17:24:11.181  INFO 19460 --- [main] o.h.e.t.j.p.i.JtaPlatformInitiator       : HHH000490: Using JtaPlatform implementation: [org.hibernate.engine.transaction.jta.platform.internal.NoJtaPlatform]
2023-03-18 17:24:11.189  INFO 19460 --- [main] j.LocalContainerEntityManagerFactoryBean : Initialized JPA EntityManagerFactory for persistence unit 'default'
2023-03-18 17:24:11.897  WARN 19460 --- [main] JpaBaseConfiguration$JpaWebConfiguration : spring.jpa.open-in-view is enabled by default. Therefore, database queries may be performed during view rendering. Explicitly configure spring.jpa.open-in-view to disable this warning
2023-03-18 17:24:12.475  INFO 19460 --- [main] o.s.b.w.embedded.tomcat.TomcatWebServer  : Tomcat started on port(s): 9096 (http) with context path ''
2023-03-18 17:24:12.786  INFO 19460 --- [main] c.f.w.controller.BeginFungibleStory      : Started BeginFungibleStory in 6.824 seconds (JVM running for 7.43)
2023-03-18 17:24:22.382  INFO 19460 --- [http-nio-9096-exec-2] o.a.c.c.C.[Tomcat].[localhost].[/]       : Initializing Spring DispatcherServlet 'dispatcherServlet'
2023-03-18 17:24:22.384  INFO 19460 --- [http-nio-9096-exec-2] o.s.web.servlet.DispatcherServlet        : Initializing Servlet 'dispatcherServlet'
2023-03-18 17:24:22.387  INFO 19460 --- [http-nio-9096-exec-2] o.s.web.servlet.DispatcherServlet        : Completed initialization in 2 ms
2023-03-18 17:24:22.561  INFO 19460 --- [http-nio-9096-exec-2] c.f.writer.controller.UserController     : Inside updateUser() function
2023-03-18 17:24:22.639  INFO 19460 --- [http-nio-9096-exec-2] c.f.writer.serviceImpl.UserServiceImpl   : Inside UserServiceImpl add new user function User [UserId=16, FirstName=udayar, LastName=sambur, DisplayName=Vidhyuth, UserEmail=udayar@gmail.com, DateOfBirth=1991-09-11, Password=kujal, Gender=Female, PhoneNumber=994244090447, isDeleted=false, UpdatedAt=Fri Mar 17 13:27:15 IST 2023, CreatedAt=Fri Mar 17 13:27:15 IST 2023, country=Country [CountryId=1, Country=india, user=null], role=Role [RoleId=1, RoleName=contentcreator, user=null]]
2023-03-18 17:24:22.733 DEBUG 19460 --- [http-nio-9096-exec-2] org.hibernate.SQL                        : 
    select
        user0_.user_id as user_id1_5_2_,
        user0_.created_at as created_2_5_2_,
        user0_.date_of_birth as date_of_3_5_2_,
        user0_.display_name as display_4_5_2_,
        user0_.first_name as first_na5_5_2_,
        user0_.gender as gender6_5_2_,
        user0_.last_name as last_nam7_5_2_,
        user0_.password as password8_5_2_,
        user0_.phone_number as phone_nu9_5_2_,
        user0_.updated_at as updated10_5_2_,
        user0_.user_email as user_em11_5_2_,
        user0_.country_id as country13_5_2_,
        user0_.is_deleted as is_dele12_5_2_,
        user0_.role_id as role_id14_5_2_,
        country1_.country_id as country_1_0_0_,
        country1_.country as country2_0_0_,
        role2_.role_id as role_id1_2_1_,
        role2_.role_name as role_nam2_2_1_ 
    from
        users user0_ 
    left outer join
        country country1_ 
            on user0_.country_id=country1_.country_id 
    left outer join
        role role2_ 
            on user0_.role_id=role2_.role_id 
    where
        user0_.user_id=?
2023-03-18 17:24:22.738 TRACE 19460 --- [http-nio-9096-exec-2] o.h.type.descriptor.sql.BasicBinder      : binding parameter [1] as [BIGINT] - [16]
2023-03-18 17:24:22.776 DEBUG 19460 --- [http-nio-9096-exec-2] org.hibernate.SQL                        : 
    select
        user0_.user_id as user_id1_5_0_,
        user0_.created_at as created_2_5_0_,
        user0_.date_of_birth as date_of_3_5_0_,
        user0_.display_name as display_4_5_0_,
        user0_.first_name as first_na5_5_0_,
        user0_.gender as gender6_5_0_,
        user0_.last_name as last_nam7_5_0_,
        user0_.password as password8_5_0_,
        user0_.phone_number as phone_nu9_5_0_,
        user0_.updated_at as updated10_5_0_,
        user0_.user_email as user_em11_5_0_,
        user0_.country_id as country13_5_0_,
        user0_.is_deleted as is_dele12_5_0_,
        user0_.role_id as role_id14_5_0_ 
    from
        users user0_ 
    where
        user0_.country_id=?
2023-03-18 17:24:22.778 TRACE 19460 --- [http-nio-9096-exec-2] o.h.type.descriptor.sql.BasicBinder      : binding parameter [1] as [BIGINT] - [1]
2023-03-18 17:24:22.782 DEBUG 19460 --- [http-nio-9096-exec-2] org.hibernate.SQL                        : 
    select
        jobs0_.job_id as job_id1_1_0_,
        jobs0_.created_at as created_2_1_0_,
        jobs0_.job_description as job_desc3_1_0_,
        jobs0_.job_title as job_titl4_1_0_,
        jobs0_.updated_at as updated_5_1_0_,
        jobs0_.user_id as user_id6_1_0_ 
    from
        jobs jobs0_ 
    where
        jobs0_.user_id=?
2023-03-18 17:24:22.783 TRACE 19460 --- [http-nio-9096-exec-2] o.h.type.descriptor.sql.BasicBinder      : binding parameter [1] as [BIGINT] - [3]
2023-03-18 17:24:22.805  INFO 19460 --- [http-nio-9096-exec-2] o.h.e.internal.DefaultLoadEventListener  : HHH000327: Error performing load command

org.hibernate.HibernateException: More than one row with the given identifier was found: 1, for class: com.fungiblestory.writer.model.User
	at org.hibernate.loader.entity.AbstractEntityLoader.load(AbstractEntityLoader.java:104) ~[hibernate-core-5.6.10.Final.jar:5.6.10.Final]
	at org.hibernate.loader.entity.AbstractEntityLoader.load(AbstractEntityLoader.java:66) ~[hibernate-core-5.6.10.Final.jar:5.6.10.Final]
	at org.hibernate.persister.entity.AbstractEntityPersister.loadByUniqueKey(AbstractEntityPersister.java:2486) ~[hibernate-core-5.6.10.Final.jar:5.6.10.Final]
	at org.hibernate.type.EntityType.loadByUniqueKey(EntityType.java:763) ~[hibernate-core-5.6.10.Final.jar:5.6.10.Final]
	at org.hibernate.type.EntityType.resolve(EntityType.java:468) ~[hibernate-core-5.6.10.Final.jar:5.6.10.Final]
	at org.hibernate.engine.internal.TwoPhaseLoad$EntityResolver.lambda$static$0(TwoPhaseLoad.java:576) ~[hibernate-core-5.6.10.Final.jar:5.6.10.Final]
	at org.hibernate.engine.internal.TwoPhaseLoad.initializeEntityEntryLoadedState(TwoPhaseLoad.java:221) ~[hibernate-core-5.6.10.Final.jar:5.6.10.Final]
	at org.hibernate.engine.internal.TwoPhaseLoad.initializeEntity(TwoPhaseLoad.java:155) ~[hibernate-core-5.6.10.Final.jar:5.6.10.Final]
	at org.hibernate.engine.internal.TwoPhaseLoad.initializeEntity(TwoPhaseLoad.java:126) ~[hibernate-core-5.6.10.Final.jar:5.6.10.Final]
	at org.hibernate.loader.Loader.initializeEntitiesAndCollections(Loader.java:1201) ~[hibernate-core-5.6.10.Final.jar:5.6.10.Final]
	at org.hibernate.loader.Loader.processResultSet(Loader.java:1009) ~[hibernate-core-5.6.10.Final.jar:5.6.10.Final]
	at org.hibernate.loader.Loader.doQuery(Loader.java:967) ~[hibernate-core-5.6.10.Final.jar:5.6.10.Final]
	at org.hibernate.loader.Loader.doQueryAndInitializeNonLazyCollections(Loader.java:357) ~[hibernate-core-5.6.10.Final.jar:5.6.10.Final]
	at org.hibernate.loader.Loader.doQueryAndInitializeNonLazyCollections(Loader.java:327) ~[hibernate-core-5.6.10.Final.jar:5.6.10.Final]
	at org.hibernate.loader.Loader.loadEntity(Loader.java:2440) ~[hibernate-core-5.6.10.Final.jar:5.6.10.Final]
	at org.hibernate.loader.entity.AbstractEntityLoader.load(AbstractEntityLoader.java:77) ~[hibernate-core-5.6.10.Final.jar:5.6.10.Final]
	at org.hibernate.loader.entity.AbstractEntityLoader.load(AbstractEntityLoader.java:61) ~[hibernate-core-5.6.10.Final.jar:5.6.10.Final]
	at org.hibernate.persister.entity.AbstractEntityPersister.doLoad(AbstractEntityPersister.java:4521) ~[hibernate-core-5.6.10.Final.jar:5.6.10.Final]
	at org.hibernate.persister.entity.AbstractEntityPersister.load(AbstractEntityPersister.java:4511) ~[hibernate-core-5.6.10.Final.jar:5.6.10.Final]
	at org.hibernate.event.internal.DefaultLoadEventListener.loadFromDatasource(DefaultLoadEventListener.java:571) ~[hibernate-core-5.6.10.Final.jar:5.6.10.Final]
	at org.hibernate.event.internal.DefaultLoadEventListener.doLoad(DefaultLoadEventListener.java:539) ~[hibernate-core-5.6.10.Final.jar:5.6.10.Final]
	at org.hibernate.event.internal.DefaultLoadEventListener.load(DefaultLoadEventListener.java:208) ~[hibernate-core-5.6.10.Final.jar:5.6.10.Final]
	at org.hibernate.event.internal.DefaultLoadEventListener.proxyOrLoad(DefaultLoadEventListener.java:327) ~[hibernate-core-5.6.10.Final.jar:5.6.10.Final]
	at org.hibernate.event.internal.DefaultLoadEventListener.doOnLoad(DefaultLoadEventListener.java:108) ~[hibernate-core-5.6.10.Final.jar:5.6.10.Final]
	at org.hibernate.event.internal.DefaultLoadEventListener.onLoad(DefaultLoadEventListener.java:74) ~[hibernate-core-5.6.10.Final.jar:5.6.10.Final]
	at org.hibernate.event.service.internal.EventListenerGroupImpl.fireEventOnEachListener(EventListenerGroupImpl.java:118) ~[hibernate-core-5.6.10.Final.jar:5.6.10.Final]
	at org.hibernate.internal.SessionImpl.fireLoadNoChecks(SessionImpl.java:1231) ~[hibernate-core-5.6.10.Final.jar:5.6.10.Final]
	at org.hibernate.internal.SessionImpl.fireLoad(SessionImpl.java:1220) ~[hibernate-core-5.6.10.Final.jar:5.6.10.Final]
	at org.hibernate.internal.SessionImpl.access$2100(SessionImpl.java:202) ~[hibernate-core-5.6.10.Final.jar:5.6.10.Final]
	at org.hibernate.internal.SessionImpl$IdentifierLoadAccessImpl.doLoad(SessionImpl.java:2835) ~[hibernate-core-5.6.10.Final.jar:5.6.10.Final]
	at org.hibernate.internal.SessionImpl$IdentifierLoadAccessImpl.lambda$load$1(SessionImpl.java:2812) ~[hibernate-core-5.6.10.Final.jar:5.6.10.Final]
	at org.hibernate.internal.SessionImpl$IdentifierLoadAccessImpl.perform(SessionImpl.java:2768) ~[hibernate-core-5.6.10.Final.jar:5.6.10.Final]
	at org.hibernate.internal.SessionImpl$IdentifierLoadAccessImpl.load(SessionImpl.java:2812) ~[hibernate-core-5.6.10.Final.jar:5.6.10.Final]
	at org.hibernate.internal.SessionImpl.get(SessionImpl.java:1024) ~[hibernate-core-5.6.10.Final.jar:5.6.10.Final]
	at org.hibernate.event.internal.DefaultMergeEventListener.entityIsDetached(DefaultMergeEventListener.java:306) ~[hibernate-core-5.6.10.Final.jar:5.6.10.Final]
	at org.hibernate.event.internal.DefaultMergeEventListener.onMerge(DefaultMergeEventListener.java:172) ~[hibernate-core-5.6.10.Final.jar:5.6.10.Final]
	at org.hibernate.event.internal.DefaultMergeEventListener.onMerge(DefaultMergeEventListener.java:70) ~[hibernate-core-5.6.10.Final.jar:5.6.10.Final]
	at org.hibernate.event.service.internal.EventListenerGroupImpl.fireEventOnEachListener(EventListenerGroupImpl.java:107) ~[hibernate-core-5.6.10.Final.jar:5.6.10.Final]
	at org.hibernate.internal.SessionImpl.fireMerge(SessionImpl.java:829) ~[hibernate-core-5.6.10.Final.jar:5.6.10.Final]
	at org.hibernate.internal.SessionImpl.merge(SessionImpl.java:816) ~[hibernate-core-5.6.10.Final.jar:5.6.10.Final]
	at java.base/jdk.internal.reflect.NativeMethodAccessorImpl.invoke0(Native Method) ~[na:na]
	at java.base/jdk.internal.reflect.NativeMethodAccessorImpl.invoke(NativeMethodAccessorImpl.java:62) ~[na:na]
	at java.base/jdk.internal.reflect.DelegatingMethodAccessorImpl.invoke(DelegatingMethodAccessorImpl.java:43) ~[na:na]
	at java.base/java.lang.reflect.Method.invoke(Method.java:566) ~[na:na]
	at org.springframework.orm.jpa.ExtendedEntityManagerCreator$ExtendedEntityManagerInvocationHandler.invoke(ExtendedEntityManagerCreator.java:362) ~[spring-orm-5.3.22.jar:5.3.22]
	at com.sun.proxy.$Proxy104.merge(Unknown Source) ~[na:na]
	at java.base/jdk.internal.reflect.NativeMethodAccessorImpl.invoke0(Native Method) ~[na:na]
	at java.base/jdk.internal.reflect.NativeMethodAccessorImpl.invoke(NativeMethodAccessorImpl.java:62) ~[na:na]
	at java.base/jdk.internal.reflect.DelegatingMethodAccessorImpl.invoke(DelegatingMethodAccessorImpl.java:43) ~[na:na]
	at java.base/java.lang.reflect.Method.invoke(Method.java:566) ~[na:na]
	at org.springframework.orm.jpa.SharedEntityManagerCreator$SharedEntityManagerInvocationHandler.invoke(SharedEntityManagerCreator.java:311) ~[spring-orm-5.3.22.jar:5.3.22]
	at com.sun.proxy.$Proxy104.merge(Unknown Source) ~[na:na]
	at org.springframework.data.jpa.repository.support.SimpleJpaRepository.save(SimpleJpaRepository.java:669) ~[spring-data-jpa-2.7.2.jar:2.7.2]
	at java.base/jdk.internal.reflect.NativeMethodAccessorImpl.invoke0(Native Method) ~[na:na]
	at java.base/jdk.internal.reflect.NativeMethodAccessorImpl.invoke(NativeMethodAccessorImpl.java:62) ~[na:na]
	at java.base/jdk.internal.reflect.DelegatingMethodAccessorImpl.invoke(DelegatingMethodAccessorImpl.java:43) ~[na:na]
	at java.base/java.lang.reflect.Method.invoke(Method.java:566) ~[na:na]
	at org.springframework.data.repository.core.support.RepositoryMethodInvoker$RepositoryFragmentMethodInvoker.lambda$new$0(RepositoryMethodInvoker.java:289) ~[spring-data-commons-2.7.2.jar:2.7.2]
	at org.springframework.data.repository.core.support.RepositoryMethodInvoker.doInvoke(RepositoryMethodInvoker.java:137) ~[spring-data-commons-2.7.2.jar:2.7.2]
	at org.springframework.data.repository.core.support.RepositoryMethodInvoker.invoke(RepositoryMethodInvoker.java:121) ~[spring-data-commons-2.7.2.jar:2.7.2]
	at org.springframework.data.repository.core.support.RepositoryComposition$RepositoryFragments.invoke(RepositoryComposition.java:530) ~[spring-data-commons-2.7.2.jar:2.7.2]
	at org.springframework.data.repository.core.support.RepositoryComposition.invoke(RepositoryComposition.java:286) ~[spring-data-commons-2.7.2.jar:2.7.2]
	at org.springframework.data.repository.core.support.RepositoryFactorySupport$ImplementationMethodExecutionInterceptor.invoke(RepositoryFactorySupport.java:640) ~[spring-data-commons-2.7.2.jar:2.7.2]
	at org.springframework.aop.framework.ReflectiveMethodInvocation.proceed(ReflectiveMethodInvocation.java:186) ~[spring-aop-5.3.22.jar:5.3.22]
	at org.springframework.data.repository.core.support.QueryExecutorMethodInterceptor.doInvoke(QueryExecutorMethodInterceptor.java:164) ~[spring-data-commons-2.7.2.jar:2.7.2]
	at org.springframework.data.repository.core.support.QueryExecutorMethodInterceptor.invoke(QueryExecutorMethodInterceptor.java:139) ~[spring-data-commons-2.7.2.jar:2.7.2]
	at org.springframework.aop.framework.ReflectiveMethodInvocation.proceed(ReflectiveMethodInvocation.java:186) ~[spring-aop-5.3.22.jar:5.3.22]
	at org.springframework.data.projection.DefaultMethodInvokingMethodInterceptor.invoke(DefaultMethodInvokingMethodInterceptor.java:81) ~[spring-data-commons-2.7.2.jar:2.7.2]
	at org.springframework.aop.framework.ReflectiveMethodInvocation.proceed(ReflectiveMethodInvocation.java:186) ~[spring-aop-5.3.22.jar:5.3.22]
	at org.springframework.transaction.interceptor.TransactionInterceptor$1.proceedWithInvocation(TransactionInterceptor.java:123) ~[spring-tx-5.3.22.jar:5.3.22]
	at org.springframework.transaction.interceptor.TransactionAspectSupport.invokeWithinTransaction(TransactionAspectSupport.java:388) ~[spring-tx-5.3.22.jar:5.3.22]
	at org.springframework.transaction.interceptor.TransactionInterceptor.invoke(TransactionInterceptor.java:119) ~[spring-tx-5.3.22.jar:5.3.22]
	at org.springframework.aop.framework.ReflectiveMethodInvocation.proceed(ReflectiveMethodInvocation.java:186) ~[spring-aop-5.3.22.jar:5.3.22]
	at org.springframework.dao.support.PersistenceExceptionTranslationInterceptor.invoke(PersistenceExceptionTranslationInterceptor.java:137) ~[spring-tx-5.3.22.jar:5.3.22]
	at org.springframework.aop.framework.ReflectiveMethodInvocation.proceed(ReflectiveMethodInvocation.java:186) ~[spring-aop-5.3.22.jar:5.3.22]
	at org.springframework.data.jpa.repository.support.CrudMethodMetadataPostProcessor$CrudMethodMetadataPopulatingMethodInterceptor.invoke(CrudMethodMetadataPostProcessor.java:174) ~[spring-data-jpa-2.7.2.jar:2.7.2]
	at org.springframework.aop.framework.ReflectiveMethodInvocation.proceed(ReflectiveMethodInvocation.java:186) ~[spring-aop-5.3.22.jar:5.3.22]
	at org.springframework.aop.interceptor.ExposeInvocationInterceptor.invoke(ExposeInvocationInterceptor.java:97) ~[spring-aop-5.3.22.jar:5.3.22]
	at org.springframework.aop.framework.ReflectiveMethodInvocation.proceed(ReflectiveMethodInvocation.java:186) ~[spring-aop-5.3.22.jar:5.3.22]
	at org.springframework.aop.framework.JdkDynamicAopProxy.invoke(JdkDynamicAopProxy.java:215) ~[spring-aop-5.3.22.jar:5.3.22]
	at com.sun.proxy.$Proxy107.save(Unknown Source) ~[na:na]
	at com.fungiblestory.writer.serviceImpl.UserServiceImpl.updateExistingUser(UserServiceImpl.java:41) ~[classes/:na]
	at com.fungiblestory.writer.controller.UserController.updateUser(UserController.java:52) ~[classes/:na]
	at java.base/jdk.internal.reflect.NativeMethodAccessorImpl.invoke0(Native Method) ~[na:na]
	at java.base/jdk.internal.reflect.NativeMethodAccessorImpl.invoke(NativeMethodAccessorImpl.java:62) ~[na:na]
	at java.base/jdk.internal.reflect.DelegatingMethodAccessorImpl.invoke(DelegatingMethodAccessorImpl.java:43) ~[na:na]
	at java.base/java.lang.reflect.Method.invoke(Method.java:566) ~[na:na]
	at org.springframework.web.method.support.InvocableHandlerMethod.doInvoke(InvocableHandlerMethod.java:205) ~[spring-web-5.3.22.jar:5.3.22]
	at org.springframework.web.method.support.InvocableHandlerMethod.invokeForRequest(InvocableHandlerMethod.java:150) ~[spring-web-5.3.22.jar:5.3.22]
	at org.springframework.web.servlet.mvc.method.annotation.ServletInvocableHandlerMethod.invokeAndHandle(ServletInvocableHandlerMethod.java:117) ~[spring-webmvc-5.3.22.jar:5.3.22]
	at org.springframework.web.servlet.mvc.method.annotation.RequestMappingHandlerAdapter.invokeHandlerMethod(RequestMappingHandlerAdapter.java:895) ~[spring-webmvc-5.3.22.jar:5.3.22]
	at org.springframework.web.servlet.mvc.method.annotation.RequestMappingHandlerAdapter.handleInternal(RequestMappingHandlerAdapter.java:808) ~[spring-webmvc-5.3.22.jar:5.3.22]
	at org.springframework.web.servlet.mvc.method.AbstractHandlerMethodAdapter.handle(AbstractHandlerMethodAdapter.java:87) ~[spring-webmvc-5.3.22.jar:5.3.22]
	at org.springframework.web.servlet.DispatcherServlet.doDispatch(DispatcherServlet.java:1070) ~[spring-webmvc-5.3.22.jar:5.3.22]
	at org.springframework.web.servlet.DispatcherServlet.doService(DispatcherServlet.java:963) ~[spring-webmvc-5.3.22.jar:5.3.22]
	at org.springframework.web.servlet.FrameworkServlet.processRequest(FrameworkServlet.java:1006) ~[spring-webmvc-5.3.22.jar:5.3.22]
	at org.springframework.web.servlet.FrameworkServlet.doPut(FrameworkServlet.java:920) ~[spring-webmvc-5.3.22.jar:5.3.22]
	at javax.servlet.http.HttpServlet.service(HttpServlet.java:684) ~[tomcat-embed-core-9.0.65.jar:4.0.FR]
	at org.springframework.web.servlet.FrameworkServlet.service(FrameworkServlet.java:883) ~[spring-webmvc-5.3.22.jar:5.3.22]
	at javax.servlet.http.HttpServlet.service(HttpServlet.java:764) ~[tomcat-embed-core-9.0.65.jar:4.0.FR]
	at org.apache.catalina.core.ApplicationFilterChain.internalDoFilter(ApplicationFilterChain.java:227) ~[tomcat-embed-core-9.0.65.jar:9.0.65]
	at org.apache.catalina.core.ApplicationFilterChain.doFilter(ApplicationFilterChain.java:162) ~[tomcat-embed-core-9.0.65.jar:9.0.65]
	at org.apache.tomcat.websocket.server.WsFilter.doFilter(WsFilter.java:53) ~[tomcat-embed-websocket-9.0.65.jar:9.0.65]
	at org.apache.catalina.core.ApplicationFilterChain.internalDoFilter(ApplicationFilterChain.java:189) ~[tomcat-embed-core-9.0.65.jar:9.0.65]
	at org.apache.catalina.core.ApplicationFilterChain.doFilter(ApplicationFilterChain.java:162) ~[tomcat-embed-core-9.0.65.jar:9.0.65]
	at org.springframework.web.filter.RequestContextFilter.doFilterInternal(RequestContextFilter.java:100) ~[spring-web-5.3.22.jar:5.3.22]
	at org.springframework.web.filter.OncePerRequestFilter.doFilter(OncePerRequestFilter.java:117) ~[spring-web-5.3.22.jar:5.3.22]
	at org.apache.catalina.core.ApplicationFilterChain.internalDoFilter(ApplicationFilterChain.java:189) ~[tomcat-embed-core-9.0.65.jar:9.0.65]
	at org.apache.catalina.core.ApplicationFilterChain.doFilter(ApplicationFilterChain.java:162) ~[tomcat-embed-core-9.0.65.jar:9.0.65]
	at org.springframework.web.filter.FormContentFilter.doFilterInternal(FormContentFilter.java:93) ~[spring-web-5.3.22.jar:5.3.22]
	at org.springframework.web.filter.OncePerRequestFilter.doFilter(OncePerRequestFilter.java:117) ~[spring-web-5.3.22.jar:5.3.22]
	at org.apache.catalina.core.ApplicationFilterChain.internalDoFilter(ApplicationFilterChain.java:189) ~[tomcat-embed-core-9.0.65.jar:9.0.65]
	at org.apache.catalina.core.ApplicationFilterChain.doFilter(ApplicationFilterChain.java:162) ~[tomcat-embed-core-9.0.65.jar:9.0.65]
	at org.springframework.web.filter.CharacterEncodingFilter.doFilterInternal(CharacterEncodingFilter.java:201) ~[spring-web-5.3.22.jar:5.3.22]
	at org.springframework.web.filter.OncePerRequestFilter.doFilter(OncePerRequestFilter.java:117) ~[spring-web-5.3.22.jar:5.3.22]
	at org.apache.catalina.core.ApplicationFilterChain.internalDoFilter(ApplicationFilterChain.java:189) ~[tomcat-embed-core-9.0.65.jar:9.0.65]
	at org.apache.catalina.core.ApplicationFilterChain.doFilter(ApplicationFilterChain.java:162) ~[tomcat-embed-core-9.0.65.jar:9.0.65]
	at org.apache.catalina.core.StandardWrapperValve.invoke(StandardWrapperValve.java:197) ~[tomcat-embed-core-9.0.65.jar:9.0.65]
	at org.apache.catalina.core.StandardContextValve.invoke(StandardContextValve.java:97) ~[tomcat-embed-core-9.0.65.jar:9.0.65]
	at org.apache.catalina.authenticator.AuthenticatorBase.invoke(AuthenticatorBase.java:541) ~[tomcat-embed-core-9.0.65.jar:9.0.65]
	at org.apache.catalina.core.StandardHostValve.invoke(StandardHostValve.java:135) ~[tomcat-embed-core-9.0.65.jar:9.0.65]
	at org.apache.catalina.valves.ErrorReportValve.invoke(ErrorReportValve.java:92) ~[tomcat-embed-core-9.0.65.jar:9.0.65]
	at org.apache.catalina.core.StandardEngineValve.invoke(StandardEngineValve.java:78) ~[tomcat-embed-core-9.0.65.jar:9.0.65]
	at org.apache.catalina.connector.CoyoteAdapter.service(CoyoteAdapter.java:360) ~[tomcat-embed-core-9.0.65.jar:9.0.65]
	at org.apache.coyote.http11.Http11Processor.service(Http11Processor.java:399) ~[tomcat-embed-core-9.0.65.jar:9.0.65]
	at org.apache.coyote.AbstractProcessorLight.process(AbstractProcessorLight.java:65) ~[tomcat-embed-core-9.0.65.jar:9.0.65]
	at org.apache.coyote.AbstractProtocol$ConnectionHandler.process(AbstractProtocol.java:890) ~[tomcat-embed-core-9.0.65.jar:9.0.65]
	at org.apache.tomcat.util.net.NioEndpoint$SocketProcessor.doRun(NioEndpoint.java:1789) ~[tomcat-embed-core-9.0.65.jar:9.0.65]
	at org.apache.tomcat.util.net.SocketProcessorBase.run(SocketProcessorBase.java:49) ~[tomcat-embed-core-9.0.65.jar:9.0.65]
	at org.apache.tomcat.util.threads.ThreadPoolExecutor.runWorker(ThreadPoolExecutor.java:1191) ~[tomcat-embed-core-9.0.65.jar:9.0.65]
	at org.apache.tomcat.util.threads.ThreadPoolExecutor$Worker.run(ThreadPoolExecutor.java:659) ~[tomcat-embed-core-9.0.65.jar:9.0.65]
	at org.apache.tomcat.util.threads.TaskThread$WrappingRunnable.run(TaskThread.java:61) ~[tomcat-embed-core-9.0.65.jar:9.0.65]
	at java.base/java.lang.Thread.run(Thread.java:834) ~[na:na]

2023-03-18 17:24:22.829  INFO 19460 --- [http-nio-9096-exec-2] c.f.writer.serviceImpl.UserServiceImpl   : Error in adding new user - org.springframework.orm.jpa.JpaSystemException: More than one row with the given identifier was found: 1, for class: com.fungiblestory.writer.model.User; nested exception is org.hibernate.HibernateException: More than one row with the given identifier was found: 1, for class: com.fungiblestory.writer.model.User
2023-03-18 17:26:22.445  INFO 19460 --- [SpringApplicationShutdownHook] j.LocalContainerEntityManagerFactoryBean : Closing JPA EntityManagerFactory for persistence unit 'default'
2023-03-18 17:26:22.448  INFO 19460 --- [SpringApplicationShutdownHook] com.zaxxer.hikari.HikariDataSource       : HikariPool-1 - Shutdown initiated...
2023-03-18 17:26:22.461  INFO 19460 --- [SpringApplicationShutdownHook] com.zaxxer.hikari.HikariDataSource       : HikariPool-1 - Shutdown completed.
2023-03-18 17:27:50.945  INFO 30336 --- [main] c.f.w.controller.BeginFungibleStory      : Starting BeginFungibleStory using Java 11.0.14 on LAPTOP-QSJVQ77N with PID 30336 (C:\Users\Vibin\IdeaProjects\fungiblestory\target\classes started by Vibin in C:\Users\Vibin\IdeaProjects\fungiblestory)
2023-03-18 17:27:50.949  INFO 30336 --- [main] c.f.w.controller.BeginFungibleStory      : No active profile set, falling back to 1 default profile: "default"
2023-03-18 17:27:51.852  INFO 30336 --- [main] .s.d.r.c.RepositoryConfigurationDelegate : Bootstrapping Spring Data JPA repositories in DEFAULT mode.
2023-03-18 17:27:51.902  INFO 30336 --- [main] .s.d.r.c.RepositoryConfigurationDelegate : Finished Spring Data repository scanning in 40 ms. Found 1 JPA repository interfaces.
2023-03-18 17:27:53.215  INFO 30336 --- [main] o.s.b.w.embedded.tomcat.TomcatWebServer  : Tomcat initialized with port(s): 9096 (http)
2023-03-18 17:27:53.225  INFO 30336 --- [main] o.apache.catalina.core.StandardService   : Starting service [Tomcat]
2023-03-18 17:27:53.226  INFO 30336 --- [main] org.apache.catalina.core.StandardEngine  : Starting Servlet engine: [Apache Tomcat/9.0.65]
2023-03-18 17:27:53.373  INFO 30336 --- [main] o.a.c.c.C.[Tomcat].[localhost].[/]       : Initializing Spring embedded WebApplicationContext
2023-03-18 17:27:53.374  INFO 30336 --- [main] w.s.c.ServletWebServerApplicationContext : Root WebApplicationContext: initialization completed in 2326 ms
2023-03-18 17:27:53.617  INFO 30336 --- [main] o.hibernate.jpa.internal.util.LogHelper  : HHH000204: Processing PersistenceUnitInfo [name: default]
2023-03-18 17:27:53.678  INFO 30336 --- [main] org.hibernate.Version                    : HHH000412: Hibernate ORM core version 5.6.10.Final
2023-03-18 17:27:53.889  INFO 30336 --- [main] o.hibernate.annotations.common.Version   : HCANN000001: Hibernate Commons Annotations {5.1.2.Final}
2023-03-18 17:27:53.984  INFO 30336 --- [main] com.zaxxer.hikari.HikariDataSource       : HikariPool-1 - Starting...
2023-03-18 17:27:54.218  INFO 30336 --- [main] com.zaxxer.hikari.HikariDataSource       : HikariPool-1 - Start completed.
2023-03-18 17:27:54.246  INFO 30336 --- [main] org.hibernate.dialect.Dialect            : HHH000400: Using dialect: org.hibernate.dialect.PostgreSQLDialect
2023-03-18 17:27:55.094  INFO 30336 --- [main] o.h.e.t.j.p.i.JtaPlatformInitiator       : HHH000490: Using JtaPlatform implementation: [org.hibernate.engine.transaction.jta.platform.internal.NoJtaPlatform]
2023-03-18 17:27:55.106  INFO 30336 --- [main] j.LocalContainerEntityManagerFactoryBean : Initialized JPA EntityManagerFactory for persistence unit 'default'
2023-03-18 17:27:55.736  WARN 30336 --- [main] JpaBaseConfiguration$JpaWebConfiguration : spring.jpa.open-in-view is enabled by default. Therefore, database queries may be performed during view rendering. Explicitly configure spring.jpa.open-in-view to disable this warning
2023-03-18 17:27:56.292  INFO 30336 --- [main] o.s.b.w.embedded.tomcat.TomcatWebServer  : Tomcat started on port(s): 9096 (http) with context path ''
2023-03-18 17:27:56.568  INFO 30336 --- [main] c.f.w.controller.BeginFungibleStory      : Started BeginFungibleStory in 6.27 seconds (JVM running for 6.872)
2023-03-18 17:28:06.476  INFO 30336 --- [http-nio-9096-exec-2] o.a.c.c.C.[Tomcat].[localhost].[/]       : Initializing Spring DispatcherServlet 'dispatcherServlet'
2023-03-18 17:28:06.478  INFO 30336 --- [http-nio-9096-exec-2] o.s.web.servlet.DispatcherServlet        : Initializing Servlet 'dispatcherServlet'
2023-03-18 17:28:06.480  INFO 30336 --- [http-nio-9096-exec-2] o.s.web.servlet.DispatcherServlet        : Completed initialization in 1 ms
2023-03-18 17:28:06.575  INFO 30336 --- [http-nio-9096-exec-2] c.f.writer.controller.UserController     : Inside updateUser() function
2023-03-18 17:28:06.633  INFO 30336 --- [http-nio-9096-exec-2] c.f.writer.serviceImpl.UserServiceImpl   : Inside UserServiceImpl add new user function User [UserId=16, FirstName=udayar, LastName=sambur, DisplayName=Vidhyuth, UserEmail=udayar@gmail.com, DateOfBirth=1991-09-11, Password=kujal, Gender=Female, PhoneNumber=994244090447, isDeleted=false, UpdatedAt=Fri Mar 17 13:27:15 IST 2023, CreatedAt=Fri Mar 17 13:27:15 IST 2023, country=Country [CountryId=1, Country=india, user=null], role=Role [RoleId=1, RoleName=contentcreator, user=null]]
2023-03-18 17:28:06.680 DEBUG 30336 --- [http-nio-9096-exec-2] org.hibernate.SQL                        : 
    select
        user0_.user_id as user_id1_5_2_,
        user0_.created_at as created_2_5_2_,
        user0_.date_of_birth as date_of_3_5_2_,
        user0_.display_name as display_4_5_2_,
        user0_.first_name as first_na5_5_2_,
        user0_.gender as gender6_5_2_,
        user0_.last_name as last_nam7_5_2_,
        user0_.password as password8_5_2_,
        user0_.phone_number as phone_nu9_5_2_,
        user0_.updated_at as updated10_5_2_,
        user0_.user_email as user_em11_5_2_,
        user0_.country_id as country13_5_2_,
        user0_.is_deleted as is_dele12_5_2_,
        user0_.role_id as role_id14_5_2_,
        country1_.country_id as country_1_0_0_,
        country1_.country as country2_0_0_,
        role2_.role_id as role_id1_2_1_,
        role2_.role_name as role_nam2_2_1_ 
    from
        users user0_ 
    left outer join
        country country1_ 
            on user0_.country_id=country1_.country_id 
    left outer join
        role role2_ 
            on user0_.role_id=role2_.role_id 
    where
        user0_.user_id=?
2023-03-18 17:28:06.683 TRACE 30336 --- [http-nio-9096-exec-2] o.h.type.descriptor.sql.BasicBinder      : binding parameter [1] as [BIGINT] - [16]
2023-03-18 17:28:06.724 DEBUG 30336 --- [http-nio-9096-exec-2] org.hibernate.SQL                        : 
    select
        user0_.user_id as user_id1_5_0_,
        user0_.created_at as created_2_5_0_,
        user0_.date_of_birth as date_of_3_5_0_,
        user0_.display_name as display_4_5_0_,
        user0_.first_name as first_na5_5_0_,
        user0_.gender as gender6_5_0_,
        user0_.last_name as last_nam7_5_0_,
        user0_.password as password8_5_0_,
        user0_.phone_number as phone_nu9_5_0_,
        user0_.updated_at as updated10_5_0_,
        user0_.user_email as user_em11_5_0_,
        user0_.country_id as country13_5_0_,
        user0_.is_deleted as is_dele12_5_0_,
        user0_.role_id as role_id14_5_0_ 
    from
        users user0_ 
    where
        user0_.country_id=?
2023-03-18 17:28:06.725 TRACE 30336 --- [http-nio-9096-exec-2] o.h.type.descriptor.sql.BasicBinder      : binding parameter [1] as [BIGINT] - [1]
2023-03-18 17:28:06.728 DEBUG 30336 --- [http-nio-9096-exec-2] org.hibernate.SQL                        : 
    select
        jobs0_.job_id as job_id1_1_0_,
        jobs0_.created_at as created_2_1_0_,
        jobs0_.job_description as job_desc3_1_0_,
        jobs0_.job_title as job_titl4_1_0_,
        jobs0_.updated_at as updated_5_1_0_,
        jobs0_.user_id as user_id6_1_0_ 
    from
        jobs jobs0_ 
    where
        jobs0_.user_id=?
2023-03-18 17:28:06.729 TRACE 30336 --- [http-nio-9096-exec-2] o.h.type.descriptor.sql.BasicBinder      : binding parameter [1] as [BIGINT] - [3]
2023-03-18 17:28:06.745  INFO 30336 --- [http-nio-9096-exec-2] o.h.e.internal.DefaultLoadEventListener  : HHH000327: Error performing load command

org.hibernate.HibernateException: More than one row with the given identifier was found: 1, for class: com.fungiblestory.writer.model.User
	at org.hibernate.loader.entity.AbstractEntityLoader.load(AbstractEntityLoader.java:104) ~[hibernate-core-5.6.10.Final.jar:5.6.10.Final]
	at org.hibernate.loader.entity.AbstractEntityLoader.load(AbstractEntityLoader.java:66) ~[hibernate-core-5.6.10.Final.jar:5.6.10.Final]
	at org.hibernate.persister.entity.AbstractEntityPersister.loadByUniqueKey(AbstractEntityPersister.java:2486) ~[hibernate-core-5.6.10.Final.jar:5.6.10.Final]
	at org.hibernate.type.EntityType.loadByUniqueKey(EntityType.java:763) ~[hibernate-core-5.6.10.Final.jar:5.6.10.Final]
	at org.hibernate.type.EntityType.resolve(EntityType.java:468) ~[hibernate-core-5.6.10.Final.jar:5.6.10.Final]
	at org.hibernate.engine.internal.TwoPhaseLoad$EntityResolver.lambda$static$0(TwoPhaseLoad.java:576) ~[hibernate-core-5.6.10.Final.jar:5.6.10.Final]
	at org.hibernate.engine.internal.TwoPhaseLoad.initializeEntityEntryLoadedState(TwoPhaseLoad.java:221) ~[hibernate-core-5.6.10.Final.jar:5.6.10.Final]
	at org.hibernate.engine.internal.TwoPhaseLoad.initializeEntity(TwoPhaseLoad.java:155) ~[hibernate-core-5.6.10.Final.jar:5.6.10.Final]
	at org.hibernate.engine.internal.TwoPhaseLoad.initializeEntity(TwoPhaseLoad.java:126) ~[hibernate-core-5.6.10.Final.jar:5.6.10.Final]
	at org.hibernate.loader.Loader.initializeEntitiesAndCollections(Loader.java:1201) ~[hibernate-core-5.6.10.Final.jar:5.6.10.Final]
	at org.hibernate.loader.Loader.processResultSet(Loader.java:1009) ~[hibernate-core-5.6.10.Final.jar:5.6.10.Final]
	at org.hibernate.loader.Loader.doQuery(Loader.java:967) ~[hibernate-core-5.6.10.Final.jar:5.6.10.Final]
	at org.hibernate.loader.Loader.doQueryAndInitializeNonLazyCollections(Loader.java:357) ~[hibernate-core-5.6.10.Final.jar:5.6.10.Final]
	at org.hibernate.loader.Loader.doQueryAndInitializeNonLazyCollections(Loader.java:327) ~[hibernate-core-5.6.10.Final.jar:5.6.10.Final]
	at org.hibernate.loader.Loader.loadEntity(Loader.java:2440) ~[hibernate-core-5.6.10.Final.jar:5.6.10.Final]
	at org.hibernate.loader.entity.AbstractEntityLoader.load(AbstractEntityLoader.java:77) ~[hibernate-core-5.6.10.Final.jar:5.6.10.Final]
	at org.hibernate.loader.entity.AbstractEntityLoader.load(AbstractEntityLoader.java:61) ~[hibernate-core-5.6.10.Final.jar:5.6.10.Final]
	at org.hibernate.persister.entity.AbstractEntityPersister.doLoad(AbstractEntityPersister.java:4521) ~[hibernate-core-5.6.10.Final.jar:5.6.10.Final]
	at org.hibernate.persister.entity.AbstractEntityPersister.load(AbstractEntityPersister.java:4511) ~[hibernate-core-5.6.10.Final.jar:5.6.10.Final]
	at org.hibernate.event.internal.DefaultLoadEventListener.loadFromDatasource(DefaultLoadEventListener.java:571) ~[hibernate-core-5.6.10.Final.jar:5.6.10.Final]
	at org.hibernate.event.internal.DefaultLoadEventListener.doLoad(DefaultLoadEventListener.java:539) ~[hibernate-core-5.6.10.Final.jar:5.6.10.Final]
	at org.hibernate.event.internal.DefaultLoadEventListener.load(DefaultLoadEventListener.java:208) ~[hibernate-core-5.6.10.Final.jar:5.6.10.Final]
	at org.hibernate.event.internal.DefaultLoadEventListener.proxyOrLoad(DefaultLoadEventListener.java:327) ~[hibernate-core-5.6.10.Final.jar:5.6.10.Final]
	at org.hibernate.event.internal.DefaultLoadEventListener.doOnLoad(DefaultLoadEventListener.java:108) ~[hibernate-core-5.6.10.Final.jar:5.6.10.Final]
	at org.hibernate.event.internal.DefaultLoadEventListener.onLoad(DefaultLoadEventListener.java:74) ~[hibernate-core-5.6.10.Final.jar:5.6.10.Final]
	at org.hibernate.event.service.internal.EventListenerGroupImpl.fireEventOnEachListener(EventListenerGroupImpl.java:118) ~[hibernate-core-5.6.10.Final.jar:5.6.10.Final]
	at org.hibernate.internal.SessionImpl.fireLoadNoChecks(SessionImpl.java:1231) ~[hibernate-core-5.6.10.Final.jar:5.6.10.Final]
	at org.hibernate.internal.SessionImpl.fireLoad(SessionImpl.java:1220) ~[hibernate-core-5.6.10.Final.jar:5.6.10.Final]
	at org.hibernate.internal.SessionImpl.access$2100(SessionImpl.java:202) ~[hibernate-core-5.6.10.Final.jar:5.6.10.Final]
	at org.hibernate.internal.SessionImpl$IdentifierLoadAccessImpl.doLoad(SessionImpl.java:2835) ~[hibernate-core-5.6.10.Final.jar:5.6.10.Final]
	at org.hibernate.internal.SessionImpl$IdentifierLoadAccessImpl.lambda$load$1(SessionImpl.java:2812) ~[hibernate-core-5.6.10.Final.jar:5.6.10.Final]
	at org.hibernate.internal.SessionImpl$IdentifierLoadAccessImpl.perform(SessionImpl.java:2768) ~[hibernate-core-5.6.10.Final.jar:5.6.10.Final]
	at org.hibernate.internal.SessionImpl$IdentifierLoadAccessImpl.load(SessionImpl.java:2812) ~[hibernate-core-5.6.10.Final.jar:5.6.10.Final]
	at org.hibernate.internal.SessionImpl.get(SessionImpl.java:1024) ~[hibernate-core-5.6.10.Final.jar:5.6.10.Final]
	at org.hibernate.event.internal.DefaultMergeEventListener.entityIsDetached(DefaultMergeEventListener.java:306) ~[hibernate-core-5.6.10.Final.jar:5.6.10.Final]
	at org.hibernate.event.internal.DefaultMergeEventListener.onMerge(DefaultMergeEventListener.java:172) ~[hibernate-core-5.6.10.Final.jar:5.6.10.Final]
	at org.hibernate.event.internal.DefaultMergeEventListener.onMerge(DefaultMergeEventListener.java:70) ~[hibernate-core-5.6.10.Final.jar:5.6.10.Final]
	at org.hibernate.event.service.internal.EventListenerGroupImpl.fireEventOnEachListener(EventListenerGroupImpl.java:107) ~[hibernate-core-5.6.10.Final.jar:5.6.10.Final]
	at org.hibernate.internal.SessionImpl.fireMerge(SessionImpl.java:829) ~[hibernate-core-5.6.10.Final.jar:5.6.10.Final]
	at org.hibernate.internal.SessionImpl.merge(SessionImpl.java:816) ~[hibernate-core-5.6.10.Final.jar:5.6.10.Final]
	at java.base/jdk.internal.reflect.NativeMethodAccessorImpl.invoke0(Native Method) ~[na:na]
	at java.base/jdk.internal.reflect.NativeMethodAccessorImpl.invoke(NativeMethodAccessorImpl.java:62) ~[na:na]
	at java.base/jdk.internal.reflect.DelegatingMethodAccessorImpl.invoke(DelegatingMethodAccessorImpl.java:43) ~[na:na]
	at java.base/java.lang.reflect.Method.invoke(Method.java:566) ~[na:na]
	at org.springframework.orm.jpa.ExtendedEntityManagerCreator$ExtendedEntityManagerInvocationHandler.invoke(ExtendedEntityManagerCreator.java:362) ~[spring-orm-5.3.22.jar:5.3.22]
	at com.sun.proxy.$Proxy105.merge(Unknown Source) ~[na:na]
	at java.base/jdk.internal.reflect.NativeMethodAccessorImpl.invoke0(Native Method) ~[na:na]
	at java.base/jdk.internal.reflect.NativeMethodAccessorImpl.invoke(NativeMethodAccessorImpl.java:62) ~[na:na]
	at java.base/jdk.internal.reflect.DelegatingMethodAccessorImpl.invoke(DelegatingMethodAccessorImpl.java:43) ~[na:na]
	at java.base/java.lang.reflect.Method.invoke(Method.java:566) ~[na:na]
	at org.springframework.orm.jpa.SharedEntityManagerCreator$SharedEntityManagerInvocationHandler.invoke(SharedEntityManagerCreator.java:311) ~[spring-orm-5.3.22.jar:5.3.22]
	at com.sun.proxy.$Proxy105.merge(Unknown Source) ~[na:na]
	at org.springframework.data.jpa.repository.support.SimpleJpaRepository.save(SimpleJpaRepository.java:669) ~[spring-data-jpa-2.7.2.jar:2.7.2]
	at java.base/jdk.internal.reflect.NativeMethodAccessorImpl.invoke0(Native Method) ~[na:na]
	at java.base/jdk.internal.reflect.NativeMethodAccessorImpl.invoke(NativeMethodAccessorImpl.java:62) ~[na:na]
	at java.base/jdk.internal.reflect.DelegatingMethodAccessorImpl.invoke(DelegatingMethodAccessorImpl.java:43) ~[na:na]
	at java.base/java.lang.reflect.Method.invoke(Method.java:566) ~[na:na]
	at org.springframework.data.repository.core.support.RepositoryMethodInvoker$RepositoryFragmentMethodInvoker.lambda$new$0(RepositoryMethodInvoker.java:289) ~[spring-data-commons-2.7.2.jar:2.7.2]
	at org.springframework.data.repository.core.support.RepositoryMethodInvoker.doInvoke(RepositoryMethodInvoker.java:137) ~[spring-data-commons-2.7.2.jar:2.7.2]
	at org.springframework.data.repository.core.support.RepositoryMethodInvoker.invoke(RepositoryMethodInvoker.java:121) ~[spring-data-commons-2.7.2.jar:2.7.2]
	at org.springframework.data.repository.core.support.RepositoryComposition$RepositoryFragments.invoke(RepositoryComposition.java:530) ~[spring-data-commons-2.7.2.jar:2.7.2]
	at org.springframework.data.repository.core.support.RepositoryComposition.invoke(RepositoryComposition.java:286) ~[spring-data-commons-2.7.2.jar:2.7.2]
	at org.springframework.data.repository.core.support.RepositoryFactorySupport$ImplementationMethodExecutionInterceptor.invoke(RepositoryFactorySupport.java:640) ~[spring-data-commons-2.7.2.jar:2.7.2]
	at org.springframework.aop.framework.ReflectiveMethodInvocation.proceed(ReflectiveMethodInvocation.java:186) ~[spring-aop-5.3.22.jar:5.3.22]
	at org.springframework.data.repository.core.support.QueryExecutorMethodInterceptor.doInvoke(QueryExecutorMethodInterceptor.java:164) ~[spring-data-commons-2.7.2.jar:2.7.2]
	at org.springframework.data.repository.core.support.QueryExecutorMethodInterceptor.invoke(QueryExecutorMethodInterceptor.java:139) ~[spring-data-commons-2.7.2.jar:2.7.2]
	at org.springframework.aop.framework.ReflectiveMethodInvocation.proceed(ReflectiveMethodInvocation.java:186) ~[spring-aop-5.3.22.jar:5.3.22]
	at org.springframework.data.projection.DefaultMethodInvokingMethodInterceptor.invoke(DefaultMethodInvokingMethodInterceptor.java:81) ~[spring-data-commons-2.7.2.jar:2.7.2]
	at org.springframework.aop.framework.ReflectiveMethodInvocation.proceed(ReflectiveMethodInvocation.java:186) ~[spring-aop-5.3.22.jar:5.3.22]
	at org.springframework.transaction.interceptor.TransactionInterceptor$1.proceedWithInvocation(TransactionInterceptor.java:123) ~[spring-tx-5.3.22.jar:5.3.22]
	at org.springframework.transaction.interceptor.TransactionAspectSupport.invokeWithinTransaction(TransactionAspectSupport.java:388) ~[spring-tx-5.3.22.jar:5.3.22]
	at org.springframework.transaction.interceptor.TransactionInterceptor.invoke(TransactionInterceptor.java:119) ~[spring-tx-5.3.22.jar:5.3.22]
	at org.springframework.aop.framework.ReflectiveMethodInvocation.proceed(ReflectiveMethodInvocation.java:186) ~[spring-aop-5.3.22.jar:5.3.22]
	at org.springframework.dao.support.PersistenceExceptionTranslationInterceptor.invoke(PersistenceExceptionTranslationInterceptor.java:137) ~[spring-tx-5.3.22.jar:5.3.22]
	at org.springframework.aop.framework.ReflectiveMethodInvocation.proceed(ReflectiveMethodInvocation.java:186) ~[spring-aop-5.3.22.jar:5.3.22]
	at org.springframework.data.jpa.repository.support.CrudMethodMetadataPostProcessor$CrudMethodMetadataPopulatingMethodInterceptor.invoke(CrudMethodMetadataPostProcessor.java:174) ~[spring-data-jpa-2.7.2.jar:2.7.2]
	at org.springframework.aop.framework.ReflectiveMethodInvocation.proceed(ReflectiveMethodInvocation.java:186) ~[spring-aop-5.3.22.jar:5.3.22]
	at org.springframework.aop.interceptor.ExposeInvocationInterceptor.invoke(ExposeInvocationInterceptor.java:97) ~[spring-aop-5.3.22.jar:5.3.22]
	at org.springframework.aop.framework.ReflectiveMethodInvocation.proceed(ReflectiveMethodInvocation.java:186) ~[spring-aop-5.3.22.jar:5.3.22]
	at org.springframework.aop.framework.JdkDynamicAopProxy.invoke(JdkDynamicAopProxy.java:215) ~[spring-aop-5.3.22.jar:5.3.22]
	at com.sun.proxy.$Proxy108.save(Unknown Source) ~[na:na]
	at com.fungiblestory.writer.serviceImpl.UserServiceImpl.updateExistingUser(UserServiceImpl.java:41) ~[classes/:na]
	at com.fungiblestory.writer.serviceImpl.UserServiceImpl$$FastClassBySpringCGLIB$$f21da296.invoke(<generated>) ~[classes/:na]
	at org.springframework.cglib.proxy.MethodProxy.invoke(MethodProxy.java:218) ~[spring-core-5.3.22.jar:5.3.22]
	at org.springframework.aop.framework.CglibAopProxy$CglibMethodInvocation.invokeJoinpoint(CglibAopProxy.java:793) ~[spring-aop-5.3.22.jar:5.3.22]
	at org.springframework.aop.framework.ReflectiveMethodInvocation.proceed(ReflectiveMethodInvocation.java:163) ~[spring-aop-5.3.22.jar:5.3.22]
	at org.springframework.aop.framework.CglibAopProxy$CglibMethodInvocation.proceed(CglibAopProxy.java:763) ~[spring-aop-5.3.22.jar:5.3.22]
	at org.springframework.transaction.interceptor.TransactionInterceptor$1.proceedWithInvocation(TransactionInterceptor.java:123) ~[spring-tx-5.3.22.jar:5.3.22]
	at org.springframework.transaction.interceptor.TransactionAspectSupport.invokeWithinTransaction(TransactionAspectSupport.java:388) ~[spring-tx-5.3.22.jar:5.3.22]
	at org.springframework.transaction.interceptor.TransactionInterceptor.invoke(TransactionInterceptor.java:119) ~[spring-tx-5.3.22.jar:5.3.22]
	at org.springframework.aop.framework.ReflectiveMethodInvocation.proceed(ReflectiveMethodInvocation.java:186) ~[spring-aop-5.3.22.jar:5.3.22]
	at org.springframework.aop.framework.CglibAopProxy$CglibMethodInvocation.proceed(CglibAopProxy.java:763) ~[spring-aop-5.3.22.jar:5.3.22]
	at org.springframework.aop.framework.CglibAopProxy$DynamicAdvisedInterceptor.intercept(CglibAopProxy.java:708) ~[spring-aop-5.3.22.jar:5.3.22]
	at com.fungiblestory.writer.serviceImpl.UserServiceImpl$$EnhancerBySpringCGLIB$$a470886f.updateExistingUser(<generated>) ~[classes/:na]
	at com.fungiblestory.writer.controller.UserController.updateUser(UserController.java:52) ~[classes/:na]
	at java.base/jdk.internal.reflect.NativeMethodAccessorImpl.invoke0(Native Method) ~[na:na]
	at java.base/jdk.internal.reflect.NativeMethodAccessorImpl.invoke(NativeMethodAccessorImpl.java:62) ~[na:na]
	at java.base/jdk.internal.reflect.DelegatingMethodAccessorImpl.invoke(DelegatingMethodAccessorImpl.java:43) ~[na:na]
	at java.base/java.lang.reflect.Method.invoke(Method.java:566) ~[na:na]
	at org.springframework.web.method.support.InvocableHandlerMethod.doInvoke(InvocableHandlerMethod.java:205) ~[spring-web-5.3.22.jar:5.3.22]
	at org.springframework.web.method.support.InvocableHandlerMethod.invokeForRequest(InvocableHandlerMethod.java:150) ~[spring-web-5.3.22.jar:5.3.22]
	at org.springframework.web.servlet.mvc.method.annotation.ServletInvocableHandlerMethod.invokeAndHandle(ServletInvocableHandlerMethod.java:117) ~[spring-webmvc-5.3.22.jar:5.3.22]
	at org.springframework.web.servlet.mvc.method.annotation.RequestMappingHandlerAdapter.invokeHandlerMethod(RequestMappingHandlerAdapter.java:895) ~[spring-webmvc-5.3.22.jar:5.3.22]
	at org.springframework.web.servlet.mvc.method.annotation.RequestMappingHandlerAdapter.handleInternal(RequestMappingHandlerAdapter.java:808) ~[spring-webmvc-5.3.22.jar:5.3.22]
	at org.springframework.web.servlet.mvc.method.AbstractHandlerMethodAdapter.handle(AbstractHandlerMethodAdapter.java:87) ~[spring-webmvc-5.3.22.jar:5.3.22]
	at org.springframework.web.servlet.DispatcherServlet.doDispatch(DispatcherServlet.java:1070) ~[spring-webmvc-5.3.22.jar:5.3.22]
	at org.springframework.web.servlet.DispatcherServlet.doService(DispatcherServlet.java:963) ~[spring-webmvc-5.3.22.jar:5.3.22]
	at org.springframework.web.servlet.FrameworkServlet.processRequest(FrameworkServlet.java:1006) ~[spring-webmvc-5.3.22.jar:5.3.22]
	at org.springframework.web.servlet.FrameworkServlet.doPut(FrameworkServlet.java:920) ~[spring-webmvc-5.3.22.jar:5.3.22]
	at javax.servlet.http.HttpServlet.service(HttpServlet.java:684) ~[tomcat-embed-core-9.0.65.jar:4.0.FR]
	at org.springframework.web.servlet.FrameworkServlet.service(FrameworkServlet.java:883) ~[spring-webmvc-5.3.22.jar:5.3.22]
	at javax.servlet.http.HttpServlet.service(HttpServlet.java:764) ~[tomcat-embed-core-9.0.65.jar:4.0.FR]
	at org.apache.catalina.core.ApplicationFilterChain.internalDoFilter(ApplicationFilterChain.java:227) ~[tomcat-embed-core-9.0.65.jar:9.0.65]
	at org.apache.catalina.core.ApplicationFilterChain.doFilter(ApplicationFilterChain.java:162) ~[tomcat-embed-core-9.0.65.jar:9.0.65]
	at org.apache.tomcat.websocket.server.WsFilter.doFilter(WsFilter.java:53) ~[tomcat-embed-websocket-9.0.65.jar:9.0.65]
	at org.apache.catalina.core.ApplicationFilterChain.internalDoFilter(ApplicationFilterChain.java:189) ~[tomcat-embed-core-9.0.65.jar:9.0.65]
	at org.apache.catalina.core.ApplicationFilterChain.doFilter(ApplicationFilterChain.java:162) ~[tomcat-embed-core-9.0.65.jar:9.0.65]
	at org.springframework.web.filter.RequestContextFilter.doFilterInternal(RequestContextFilter.java:100) ~[spring-web-5.3.22.jar:5.3.22]
	at org.springframework.web.filter.OncePerRequestFilter.doFilter(OncePerRequestFilter.java:117) ~[spring-web-5.3.22.jar:5.3.22]
	at org.apache.catalina.core.ApplicationFilterChain.internalDoFilter(ApplicationFilterChain.java:189) ~[tomcat-embed-core-9.0.65.jar:9.0.65]
	at org.apache.catalina.core.ApplicationFilterChain.doFilter(ApplicationFilterChain.java:162) ~[tomcat-embed-core-9.0.65.jar:9.0.65]
	at org.springframework.web.filter.FormContentFilter.doFilterInternal(FormContentFilter.java:93) ~[spring-web-5.3.22.jar:5.3.22]
	at org.springframework.web.filter.OncePerRequestFilter.doFilter(OncePerRequestFilter.java:117) ~[spring-web-5.3.22.jar:5.3.22]
	at org.apache.catalina.core.ApplicationFilterChain.internalDoFilter(ApplicationFilterChain.java:189) ~[tomcat-embed-core-9.0.65.jar:9.0.65]
	at org.apache.catalina.core.ApplicationFilterChain.doFilter(ApplicationFilterChain.java:162) ~[tomcat-embed-core-9.0.65.jar:9.0.65]
	at org.springframework.web.filter.CharacterEncodingFilter.doFilterInternal(CharacterEncodingFilter.java:201) ~[spring-web-5.3.22.jar:5.3.22]
	at org.springframework.web.filter.OncePerRequestFilter.doFilter(OncePerRequestFilter.java:117) ~[spring-web-5.3.22.jar:5.3.22]
	at org.apache.catalina.core.ApplicationFilterChain.internalDoFilter(ApplicationFilterChain.java:189) ~[tomcat-embed-core-9.0.65.jar:9.0.65]
	at org.apache.catalina.core.ApplicationFilterChain.doFilter(ApplicationFilterChain.java:162) ~[tomcat-embed-core-9.0.65.jar:9.0.65]
	at org.apache.catalina.core.StandardWrapperValve.invoke(StandardWrapperValve.java:197) ~[tomcat-embed-core-9.0.65.jar:9.0.65]
	at org.apache.catalina.core.StandardContextValve.invoke(StandardContextValve.java:97) ~[tomcat-embed-core-9.0.65.jar:9.0.65]
	at org.apache.catalina.authenticator.AuthenticatorBase.invoke(AuthenticatorBase.java:541) ~[tomcat-embed-core-9.0.65.jar:9.0.65]
	at org.apache.catalina.core.StandardHostValve.invoke(StandardHostValve.java:135) ~[tomcat-embed-core-9.0.65.jar:9.0.65]
	at org.apache.catalina.valves.ErrorReportValve.invoke(ErrorReportValve.java:92) ~[tomcat-embed-core-9.0.65.jar:9.0.65]
	at org.apache.catalina.core.StandardEngineValve.invoke(StandardEngineValve.java:78) ~[tomcat-embed-core-9.0.65.jar:9.0.65]
	at org.apache.catalina.connector.CoyoteAdapter.service(CoyoteAdapter.java:360) ~[tomcat-embed-core-9.0.65.jar:9.0.65]
	at org.apache.coyote.http11.Http11Processor.service(Http11Processor.java:399) ~[tomcat-embed-core-9.0.65.jar:9.0.65]
	at org.apache.coyote.AbstractProcessorLight.process(AbstractProcessorLight.java:65) ~[tomcat-embed-core-9.0.65.jar:9.0.65]
	at org.apache.coyote.AbstractProtocol$ConnectionHandler.process(AbstractProtocol.java:890) ~[tomcat-embed-core-9.0.65.jar:9.0.65]
	at org.apache.tomcat.util.net.NioEndpoint$SocketProcessor.doRun(NioEndpoint.java:1789) ~[tomcat-embed-core-9.0.65.jar:9.0.65]
	at org.apache.tomcat.util.net.SocketProcessorBase.run(SocketProcessorBase.java:49) ~[tomcat-embed-core-9.0.65.jar:9.0.65]
	at org.apache.tomcat.util.threads.ThreadPoolExecutor.runWorker(ThreadPoolExecutor.java:1191) ~[tomcat-embed-core-9.0.65.jar:9.0.65]
	at org.apache.tomcat.util.threads.ThreadPoolExecutor$Worker.run(ThreadPoolExecutor.java:659) ~[tomcat-embed-core-9.0.65.jar:9.0.65]
	at org.apache.tomcat.util.threads.TaskThread$WrappingRunnable.run(TaskThread.java:61) ~[tomcat-embed-core-9.0.65.jar:9.0.65]
	at java.base/java.lang.Thread.run(Thread.java:834) ~[na:na]

2023-03-18 17:28:06.757  INFO 30336 --- [http-nio-9096-exec-2] c.f.writer.serviceImpl.UserServiceImpl   : Error in adding new user - org.springframework.orm.jpa.JpaSystemException: More than one row with the given identifier was found: 1, for class: com.fungiblestory.writer.model.User; nested exception is org.hibernate.HibernateException: More than one row with the given identifier was found: 1, for class: com.fungiblestory.writer.model.User
2023-03-18 17:28:41.226  INFO 30336 --- [SpringApplicationShutdownHook] j.LocalContainerEntityManagerFactoryBean : Closing JPA EntityManagerFactory for persistence unit 'default'
2023-03-18 17:28:41.231  INFO 30336 --- [SpringApplicationShutdownHook] com.zaxxer.hikari.HikariDataSource       : HikariPool-1 - Shutdown initiated...
2023-03-18 17:28:41.245  INFO 30336 --- [SpringApplicationShutdownHook] com.zaxxer.hikari.HikariDataSource       : HikariPool-1 - Shutdown completed.
